
202003191405 1
202003191410 1
202003191415 1
202003191420 1
202003191425 1
202003191430 1
202003191435 1
202003191440 8
202003191445 1
202003191450 1
202003191455 1
202003191500 1
202003191505 1
202003191510 1
202003191515 1
202003191520 1
202003191525 12
202003191530 1
202003191535 1
202003191540 1
202003191545 1
202003191550 1
202003191555 1
202003191600 1
202003191605 1
202003191610 1
202003191615 1
202003191620 1
202003191625 1
202003191630 1
202003191635 1
202003191640 1
202003191645 1
202003191650 1
202003191655 1
202003191700 1
202003191705 1
202003191710 1
202003191715 1
202003191720 1
202003191725 1
202003191730 1
202003191735 1
202003191740 1
202003191745 1
202003191750 1
202003191755 1
202003191800 1
202003191805 1
202003191810 7
202003191815 1
202003191820 1
202003191825 1
202003191830 1
202003191835 1
202003191840 1
202003191845 1
202003191850 1
202003191855 1
202003191900 1
202003191905 1
202003191910 1
202003191915 1
202003191920 1
202003191925 1
202003191930 1
202003191935 1
202003191940 1
202003191945 1
202003191950 1
202003191955 1
202003192000 1
202003192005 1
202003192010 1
202003192015 1
202003192020 1
202003192025 1
202003192030 1
202003192035 1
202003192040 1
202003192045 1
202003192050 1
202003192055 1
202003192100 1
202003192105 1
202003192110 1
202003192115 1
202003192120 1
202003192125 1
202003192130 1
202003192135 1
202003192140 1
202003192145 1
202003192150 1
202003192155 1
202003192200 1
202003192205 1
202003192210 1
202003192215 1
202003192220 1
202003192225 1
202003192230 1
202003192235 1
202003192240 1
202003192245 1
202003192250 1
202003192255 1
202003192300 1
202003192305 1
202003192310 1
202003192315 1
202003192320 1
202003192325 1
202003192330 1
202003192335 1
202003192340 1
202003192345 1
202003192350 1
202003192355 1
202003200000 1
202003200005 1
202003200010 1
202003200015 1
202003200020 1
202003200025 1
202003200030 1
202003200035 1
202003200040 1
202003200045 1
202003200050 1
202003200055 10
202003200100 1
202003200105 1
202003200110 1
202003200115 1
202003200120 1
202003200125 1
202003200130 1
202003200135 1
202003200140 1
202003200145 1
202003200150 1
202003200155 1
202003200200 1
202003200205 1
202003200210 1
202003200215 1
202003200220 1
202003200225 1
202003200230 1
202003200235 1
202003200240 1
202003200245 1
202003200250 1
202003200255 1
202003200300 1
202003200305 1
202003200310 4
202003200315 1
202003200320 1
202003200325 1
202003200330 1
202003200335 1
202003200340 1
202003200345 1
202003200350 1
202003200355 1
202003200400 1
202003200405 1
202003200410 1
202003200415 1
202003200420 1
202003200425 1
202003200430 1
202003200435 1
202003200440 1
202003200445 1
202003200450 1
202003200455 1
202003200500 1
202003200505 1
202003200510 1
202003200515 1
202003200520 1
202003200525 1
202003200530 1
202003200535 1
202003200540 1
202003200545 1
202003200550 1
202003200555 1
202003200600 8
202003200605 1
202003200610 1
202003200615 1
202003200620 1
202003200625 1
202003200630 1
202003200635 1
202003200640 1
202003200645 1
202003200650 1
202003200655 1
202003200700 1
202003200705 1
202003200710 1
202003200715 1
202003200720 1
202003200725 1
202003200730 1
202003200735 1
202003200740 1
202003200745 1
202003200750 1
202003200755 1
202003200800 1
202003200805 1
202003200810 1
202003200815 1
202003200820 1
202003200825 1
202003200830 1
202003200835 1
202003200840 1
202003200845 1
202003200850 1
202003200855 1
202003200900 1
202003200905 1
202003200910 1
202003200915 1
202003200920 1
202003200925 1
202003200930 1
202003200935 1
202003200940 1
202003200945 1
202003200950 1
202003200955 1
202003201000 1
202003201005 1
202003201010 1
202003201015 1
202003201020 1
202003201025 1
202003201030 1
202003201035 1
202003201040 1
202003201045 1
202003201050 1
202003201055 1
202003201100 1
202003201105 1
202003201110 1
202003201115 1
202003201120 1
202003201125 1
202003201130 1
202003201135 1
202003201140 1
202003201145 1
202003201150 1
202003201155 1
202003201200 1
202003201205 1
202003201210 1
202003201215 1
202003201220 1
202003201225 1
202003201230 1
202003201235 1
202003201240 1
202003201245 1
202003201250 1
202003201255 1
202003201300 1
202003201305 1
202003201310 1
202003201315 1
202003201320 1
202003201325 1
202003201330 1
202003201335 1
202003201340 1
202003201345 1
202003201350 1
202003201355 1
202003201400 1
202003201405 1
202003201410 1
202003201415 1
202003201420 1
202003201425 1
202003201430 1
202003201435 1
202003201440 1
202003201445 1
202003201450 1
202003201455 1
202003201500 1
202003201505 1
202003201510 1
202003201515 1
202003201520 1
202003201525 1
202003201530 1
202003201535 1
202003201540 1
202003201545 1
202003201550 1
202003201555 1
202003201600 1
202003201605 1
202003201610 1
202003201615 1
202003201620 1
202003201625 1
202003201630 1
202003201635 1
202003201640 1
202003201645 1
202003201650 1
202003201655 1
202003201700 1
202003201705 1
202003201710 1
202003201715 1
202003201720 1
202003201725 1
202003201730 1
202003201735 1
202003201740 1
202003201745 1
202003201750 1
202003201755 1
202003201800 1
202003201805 1
202003201810 1
202003201815 1
202003201820 1
202003201825 1
202003201830 1
202003201835 1
202003201840 1
202003201845 1
202003201850 1
202003201855 1
202003201900 1
202003201905 1
202003201910 1
202003201915 1
202003201920 1
202003201925 1
202003201930 1
202003201935 1
202003201940 1
202003201945 1
202003201950 1
202003201955 1
202003202000 1
202003202005 1
202003202010 1
202003202015 1
202003202020 1
202003202025 1
202003202030 1
202003202035 1
202003202040 1
202003202045 1
202003202050 1
202003202055 1
202003202100 1
202003202105 1
202003202110 1
202003202115 1
202003202120 1
202003202125 1
202003202130 1
202003202135 1
202003202140 1
202003202145 1
202003202150 1
202003202155 1
202003202200 1
202003202205 1
202003202210 1
202003202215 1
202003202220 1
202003202225 1
202003202230 1
202003202235 1
202003202240 1
202003202245 1
202003202250 1
202003202255 1
202003202300 1
202003202305 1
202003202310 1
202003202315 1
202003202320 1
202003202325 1
202003202330 10
202003202335 1
202003202340 1
202003202345 1
202003202350 1
202003202355 1
202003210000 1
202003210005 1
202003210010 1
202003210015 1
202003210020 1
202003210025 1
202003210030 1
202003210035 1
202003210040 1
202003210045 1
202003210050 1
202003210055 1
202003210100 1
202003210105 1
202003210110 1
202003210115 1
202003210120 1
202003210125 1
202003210130 1
202003210135 1
202003210140 1
202003210145 1
202003210150 1
202003210155 1
202003210200 1
202003210205 1
202003210210 1
202003210215 1
202003210220 1
202003210225 1
202003210230 2
202003210235 1
202003210240 1
202003210245 1
202003210250 1
202003210255 1
202003210300 1
202003210305 1
202003210310 1
202003210315 1
202003210320 1
202003210325 1
202003210330 1
202003210335 1
202003210340 1
202003210345 1
202003210350 1
202003210355 1
202003210400 1
202003210405 1
202003210410 1
202003210415 1
202003210420 1
202003210425 1
202003210430 1
202003210435 1
202003210440 1
202003210445 1
202003210450 1
202003210455 1
202003210500 1
202003210505 1
202003210510 1
202003210515 1
202003210520 1
202003210525 1
202003210530 1
202003210535 1
202003210540 1
202003210545 1
202003210550 1
202003210555 1
202003210600 1
202003210605 1
202003210610 1
202003210615 1
202003210620 1
202003210625 1
202003210630 1
202003210635 1
202003210640 1
202003210645 1
202003210650 1
202003210655 1
202003210700 1
202003210705 1
202003210710 1
202003210715 1
202003210720 1
202003210725 1
202003210730 1
202003210735 1
202003210740 1
202003210745 1
202003210750 1
202003210755 1
202003210800 1
202003210805 1
202003210810 7
202003210815 1
202003210820 1
202003210825 1
202003210830 1
202003210835 1
202003210840 1
202003210845 1
202003210850 1
202003210855 1
202003210900 1
202003210905 1
202003210910 1
202003210915 1
202003210920 1
202003210925 1
202003210930 1
202003210935 1
202003210940 1
202003210945 1
202003210950 1
202003210955 1
202003211000 1
202003211005 1
202003211010 1
202003211015 1
202003211020 1
202003211025 1
202003211030 1
202003211035 1
202003211040 1
202003211045 1
202003211050 1
202003211055 1
202003211100 1
202003211105 1
202003211110 1
202003211115 1
202003211120 1
202003211125 1
202003211130 1
202003211135 1
202003211140 1
202003211145 1
202003211150 1
202003211155 1
202003211200 1
202003211205 1
202003211210 1
202003211215 1
202003211220 1
202003211225 1
202003211230 1
202003211235 1
202003211240 1
202003211245 1
202003211250 1
202003211255 1
202003211300 1
202003211305 1
202003211310 1
202003211315 1
202003211320 1
202003211325 1
202003211330 1
202003211335 1
202003211340 1
202003211345 1
202003211350 1
202003211355 1
202003211400 1
202003211405 1
202003211410 1
202003211415 1
202003211420 1
202003211425 1
202003211430 1
202003211435 1
202003211440 1
202003211445 1
202003211450 1
202003211455 1
202003211500 1
202003211505 1
202003211510 1
202003211515 1
202003211520 1
202003211525 1
202003211530 1
202003211535 1
202003211540 1
202003211545 1
202003211550 1
202003211555 1
202003211600 1
202003211605 1
202003211610 1
202003211615 1
202003211620 1
202003211625 1
202003211630 1
202003211635 1
202003211640 1
202003211645 1
202003211650 1
202003211655 1
202003211700 1
202003211705 1
202003211710 1
202003211715 1
202003211720 1
202003211725 1
202003211730 1
202003211735 1
202003211740 1
202003211745 1
202003211750 1
202003211755 1
202003211800 1
202003211805 1
202003211810 1
202003211815 1
202003211820 1
202003211825 1
202003211830 1
202003211835 1
202003211840 1
202003211845 1
202003211850 1
202003211855 1
202003211900 1
202003211905 1
202003211910 1
202003211915 1
202003211920 1
202003211925 1
202003211930 1
202003211935 1
202003211940 1
202003211945 1
202003211950 1
202003211955 1
202003212000 1
202003212005 1
202003212010 1
202003212015 1
202003212020 1
202003212025 1
202003212030 1
202003212035 1
202003212040 10
202003212045 1
202003212050 7
202003212055 1
202003212100 1
202003212105 1
202003212110 1
202003212115 1
202003212120 1
202003212125 1
202003212130 1
202003212135 1
202003212140 1
202003212145 1
202003212150 1
202003212155 1
202003212200 1
202003212205 1
202003212210 1
202003212215 1
202003212220 1
202003212225 1
202003212230 1
202003212235 1
202003212240 1
202003212245 1
202003212250 1
202003212255 1
202003212300 1
202003212305 1
202003212310 1
202003212315 1
202003212320 1
202003212325 1
202003212330 1
202003212335 1
202003212340 1
202003212345 1
202003212350 1
202003212355 1
202003220000 1
202003220005 1
202003220010 1
202003220015 1
202003220020 1
202003220025 1
202003220030 1
202003220035 1
202003220040 7
202003220045 1
202003220050 1
202003220055 1
202003220100 1
202003220105 1
202003220110 1
202003220115 1
202003220120 1
202003220125 1
202003220130 1
202003220135 1
202003220140 1
202003220145 1
202003220150 1
202003220155 1
202003220200 1
202003220205 1
202003220210 1
202003220215 1
202003220220 1
202003220225 1
202003220230 1
202003220235 1
202003220240 1
202003220245 1
202003220250 1
202003220255 1
202003220300 1
202003220305 1
202003220310 1
202003220315 1
202003220320 1
202003220325 6
202003220330 1
202003220335 1
202003220340 1
202003220345 1
202003220350 1
202003220355 1
202003220400 1
202003220405 1
202003220410 1
202003220415 1
202003220420 1
202003220425 1
202003220430 1
202003220435 1
202003220440 1
202003220445 1
202003220450 1
202003220455 1
202003220500 1
202003220505 1
202003220510 1
202003220515 1
202003220520 1
202003220525 1
202003220530 1
202003220535 1
202003220540 10
202003220545 1
202003220550 1
202003220555 1
202003220600 1
202003220605 1
202003220610 1
202003220615 1
202003220620 1
202003220625 1
202003220630 1
202003220635 1
202003220640 1
202003220645 1
202003220650 1
202003220655 1
202003220700 1
202003220705 1
202003220710 1
202003220715 1
202003220720 1
202003220725 1
202003220730 1
202003220735 1
202003220740 1
202003220745 1
202003220750 1
202003220755 1
202003220800 1
202003220805 1
202003220810 1
202003220815 1
202003220820 1
202003220825 1
202003220830 1
202003220835 1
202003220840 1
202003220845 1
202003220850 1
202003220855 1
202003220900 1
202003220905 1
202003220910 1
202003220915 1
202003220920 1
202003220925 1
202003220930 1
202003220935 1
202003220940 1
202003220945 1
202003220950 1
202003220955 1
202003221000 1
202003221005 1
202003221010 1
202003221015 1
202003221020 1
202003221025 1
202003221030 1
202003221035 1
202003221040 1
202003221045 1
202003221050 1
202003221055 1
202003221100 1
202003221105 1
202003221110 1
202003221115 1
202003221120 1
202003221125 1
202003221130 1
202003221135 1
202003221140 1
202003221145 34
202003221150 33
202003221155 34
202003221200 33
202003221205 1
202003221210 1
202003221215 1
202003221220 1
202003221225 1
202003221230 1
202003221235 1
202003221240 1
202003221245 1
202003221250 1
202003221255 1
202003221300 1
202003221305 1
202003221310 1
202003221315 1
202003221320 1
202003221325 1
202003221330 1
202003221335 1
202003221340 1
202003221345 1
202003221350 1
202003221355 1
202003221400 1
202003221405 1
202003221410 1
202003221415 1
202003221420 1
202003221425 1
202003221430 1
202003221435 1
202003221440 1
202003221445 1
202003221450 1
202003221455 1
202003221500 1
202003221505 1
202003221510 1
202003221515 1
202003221520 1
202003221525 1
202003221530 1
202003221535 1
202003221540 1
202003221545 1
202003221550 1
202003221555 1
202003221600 1
202003221605 1
202003221610 1
202003221615 1
202003221620 1
202003221625 1
202003221630 1
202003221635 1
202003221640 1
202003221645 1
202003221650 1
202003221655 1
202003221700 1
202003221705 1
202003221710 1
202003221715 5
202003221720 1
202003221725 1
202003221730 1
202003221735 1
202003221740 1
202003221745 1
202003221750 1
202003221755 1
202003221800 1
202003221805 1
202003221810 1
202003221815 1
202003221820 1
202003221825 1
202003221830 1
202003221835 1
202003221840 1
202003221845 1
202003221850 1
202003221855 1
202003221900 1
202003221905 1
202003221910 1
202003221915 1
202003221920 1
202003221925 1
202003221930 1
202003221935 1
202003221940 1
202003221945 1
202003221950 1
202003221955 1
202003222000 1
202003222005 1
202003222010 1
202003222015 1
202003222020 1
202003222025 6
202003222030 1
202003222035 1
202003222040 1
202003222045 1
202003222050 1
202003222055 1
202003222100 1
202003222105 1
202003222110 1
202003222115 1
202003222120 1
202003222125 1
202003222130 1
202003222135 1
202003222140 1
202003222145 1
202003222150 1
202003222155 1
202003222200 1
202003222205 1
202003222210 1
202003222215 1
202003222220 1
202003222225 1
202003222230 1
202003222235 1
202003222240 1
202003222245 1
202003222250 1
202003222255 1
202003222300 1
202003222305 1
202003222310 1
202003222315 1
202003222320 7
202003222325 1
202003222330 1
202003222335 1
202003222340 1
202003222345 1
202003222350 1
202003222355 1
202003230000 1
202003230005 1
202003230010 1
202003230015 1
202003230020 1
202003230025 1
202003230030 1
202003230035 1
202003230040 1
202003230045 1
202003230050 1
202003230055 1
202003230100 1
202003230105 1
202003230110 1
202003230115 1
202003230120 1
202003230125 1
202003230130 1
202003230135 1
202003230140 1
202003230145 1
202003230150 1
202003230155 1
202003230200 1
202003230205 1
202003230210 1
202003230215 1
202003230220 1
202003230225 1
202003230230 1
202003230235 1
202003230240 1
202003230245 1
202003230250 1
202003230255 1
202003230300 1
202003230305 1
202003230310 1
202003230315 1
202003230320 1
202003230325 1
202003230330 1
202003230335 1
202003230340 1
202003230345 1
202003230350 1
202003230355 1
202003230400 1
202003230405 1
202003230410 1
202003230415 1
202003230420 1
202003230425 1
202003230430 1
202003230435 1
202003230440 1
202003230445 1
202003230450 1
202003230455 1
202003230500 1
202003230505 1
202003230510 1
202003230515 1
202003230520 1
202003230525 1
202003230530 1
202003230535 1
202003230540 1
202003230545 1
202003230550 1
202003230555 1
202003230600 1
202003230605 1
202003230610 1
202003230615 1
202003230620 1
202003230625 1
202003230630 1
202003230635 1
202003230640 1
202003230645 1
202003230650 1
202003230655 1
202003230700 1
202003230705 1
202003230710 1
202003230715 1
202003230720 1
202003230725 1
202003230730 1
202003230735 1
202003230740 1
202003230745 1
202003230750 1
202003230755 1
202003230800 1
202003230805 1
202003230810 1
202003230815 1
202003230820 1
202003230825 1
202003230830 1
202003230835 1
202003230840 1
202003230845 1
202003230850 1
202003230855 1
202003230900 1
202003230905 1
202003230910 1
202003230915 1
202003230920 1
202003230925 1
202003230930 1
202003230935 1
202003230940 1
202003230945 1
202003230950 1
202003230955 1
202003231000 1
202003231005 1
202003231010 1
202003231015 1
202003231020 1
202003231025 1
202003231030 1
202003231035 1
202003231040 1
202003231045 1
202003231050 1
202003231055 1
202003231100 1
202003231105 1
202003231110 1
202003231115 1
202003231120 1
202003231125 1
202003231130 1
202003231135 14
202003231140 1
202003231145 1
202003231150 1
202003231155 1
202003231200 1
202003231205 1
202003231210 1
202003231215 1
202003231220 1
202003231225 1
202003231230 1
202003231235 1
202003231240 1
202003231245 1
202003231250 1
202003231255 1
202003231300 1
202003231305 1
202003231310 1
202003231315 1
202003231320 1
202003231325 1
202003231330 1
202003231335 1
202003231340 1
202003231345 1
202003231350 1
202003231355 1
202003231400 1
202003231405 1
202003231410 1
202003231415 1
202003231420 1
202003231425 1
202003231430 1
202003231435 1
202003231440 1
202003231445 1
202003231450 1
202003231455 1
202003231500 1
202003231505 1
202003231510 1
202003231515 1
202003231520 1
202003231525 1
202003231530 1
202003231535 1
202003231540 1
202003231545 1
202003231550 1
202003231555 1
202003231600 1
202003231605 1
202003231610 1
202003231615 1
202003231620 1
202003231625 1
202003231630 1
202003231635 1
202003231640 1
202003231645 1
202003231650 1
202003231655 1
202003231700 1
202003231705 1
202003231710 1
202003231715 1
202003231720 1
202003231725 1
202003231730 1
202003231735 1
202003231740 1
202003231745 1
202003231750 1
202003231755 1
202003231800 1
202003231805 1
202003231810 1
202003231815 1
202003231820 1
202003231825 1
202003231830 1
202003231835 1
202003231840 1
202003231845 1
202003231850 1
202003231855 1
202003231900 1
202003231905 1
202003231910 1
202003231915 1
202003231920 1
202003231925 1
202003231930 1
202003231935 1
202003231940 1
202003231945 1
202003231950 1
202003231955 1
202003232000 1
202003232005 1
202003232010 1
202003232015 1
202003232020 1
202003232025 1
202003232030 1
202003232035 1
202003232040 1
202003232045 1
202003232050 1
202003232055 1
202003232100 1
202003232105 1
202003232110 1
202003232115 1
202003232120 1
202003232125 1
202003232130 1
202003232135 1
202003232140 1
202003232145 1
202003232150 1
202003232155 7
202003232200 1
202003232205 1
202003232210 1
202003232215 1
202003232220 1
202003232225 7
202003232230 1
202003232235 1
202003232240 1
202003232245 1
202003232250 1
202003232255 1
202003232300 1
202003232305 1
202003232310 1
202003232315 1
202003232320 1
202003232325 1
202003232330 1
202003232335 1
202003232340 1
202003232345 1
202003232350 1
202003232355 1
202003240000 1
202003240005 1
202003240010 1
202003240015 1
202003240020 1
202003240025 1
202003240030 1
202003240035 1
202003240040 1
202003240045 1
202003240050 1
202003240055 1
202003240100 1
202003240105 1
202003240110 1
202003240115 1
202003240120 1
202003240125 1
202003240130 1
202003240135 1
202003240140 1
202003240145 1
202003240150 1
202003240155 1
202003240200 1
202003240205 1
202003240210 1
202003240215 1
202003240220 1
202003240225 1
202003240230 1
202003240235 1
202003240240 1
202003240245 1
202003240250 1
202003240255 1
202003240300 1
202003240305 1
202003240310 1
202003240315 1
202003240320 1
202003240325 1
202003240330 1
202003240335 1
202003240340 1
202003240345 1
202003240350 15
202003240355 1
202003240400 1
202003240405 1
202003240410 1
202003240415 1
202003240420 1
202003240425 1
202003240430 1
202003240435 1
202003240440 1
202003240445 1
202003240450 1
202003240455 1
202003240500 1
202003240505 1
202003240510 1
202003240515 1
202003240520 1
202003240525 11
202003240530 1
202003240535 1
202003240540 1
202003240545 1
202003240550 1
202003240555 1
202003240600 1
202003240605 1
202003240610 1
202003240615 1
202003240620 1
202003240625 1
202003240630 1
202003240635 1
202003240640 1
202003240645 1
202003240650 1
202003240655 1
202003240700 1
202003240705 1
202003240710 1
202003240715 1
202003240720 1
202003240725 1
202003240730 1
202003240735 1
202003240740 1
202003240745 1
202003240750 1
202003240755 1
202003240800 1
202003240805 1
202003240810 1
202003240815 1
202003240820 1
202003240825 1
202003240830 1
202003240835 1
202003240840 1
202003240845 1
202003240850 1
202003240855 1
202003240900 1
202003240905 1
202003240910 1
202003240915 1
202003240920 1
202003240925 1
202003240930 1
202003240935 1
202003240940 1
202003240945 1
202003240950 1
202003240955 1
202003241000 1
202003241005 1
202003241010 1
202003241015 1
202003241020 1
202003241025 1
202003241030 1
202003241035 1
202003241040 1
202003241045 1
202003241050 1
202003241055 1
202003241100 1
202003241105 1
202003241110 1
202003241115 1
202003241120 1
202003241125 1
202003241130 1
202003241135 1
202003241140 1
202003241145 1
202003241150 1
202003241155 1
202003241200 1
202003241205 1
202003241210 1
202003241215 1
202003241220 1
202003241225 1
202003241230 1
202003241235 1
202003241240 1
202003241245 1
202003241250 1
202003241255 1
202003241300 1
202003241305 1
202003241310 1
202003241315 1
202003241320 1
202003241325 1
202003241330 1
202003241335 1
202003241340 1
202003241345 1
202003241350 1
202003241355 1
202003241400 1
202003241405 1
202003241410 1
202003241415 1
202003241420 1
202003241425 1
202003241430 1
202003241435 1
202003241440 1
202003241445 1
202003241450 1
202003241455 1
202003241500 1
202003241505 1
202003241510 1
202003241515 1
202003241520 1
202003241525 1
202003241530 1
202003241535 1
202003241540 1
202003241545 1
202003241550 1
202003241555 1
202003241600 1
202003241605 1
202003241610 1
202003241615 1
202003241620 1
202003241625 1
202003241630 1
202003241635 1
202003241640 1
202003241645 1
202003241650 1
202003241655 1
202003241700 1
202003241705 1
202003241710 1
202003241715 1
202003241720 1
202003241725 1
202003241730 1
202003241735 1
202003241740 1
202003241745 1
202003241750 1
202003241755 1
202003241800 1
202003241805 1
202003241810 1
202003241815 1
202003241820 1
202003241825 1
202003241830 1
202003241835 1
202003241840 1
202003241845 1
202003241850 1
202003241855 1
202003241900 1
202003241905 1
202003241910 1
202003241915 1
202003241920 1
202003241925 1
202003241930 1
202003241935 1
202003241940 1
202003241945 1
202003241950 1
202003241955 1
202003242000 1
202003242005 1
202003242010 1
202003242015 1
202003242020 1
202003242025 1
202003242030 1
202003242035 1
202003242040 1
202003242045 1
202003242050 1
202003242055 1
202003242100 1
202003242105 1
202003242110 1
202003242115 1
202003242120 1
202003242125 1
202003242130 1
202003242135 1
202003242140 1
202003242145 1
202003242150 1
202003242155 1
202003242200 1
202003242205 1
202003242210 1
202003242215 1
202003242220 1
202003242225 1
202003242230 1
202003242235 1
202003242240 1
202003242245 4
202003242250 1
202003242255 1
202003242300 1
202003242305 1
202003242310 1
202003242315 1
202003242320 1
202003242325 1
202003242330 1
202003242335 1
202003242340 1
202003242345 1
202003242350 1
202003242355 1
202003250000 1
202003250005 1
202003250010 1
202003250015 1
202003250020 1
202003250025 1
202003250030 1
202003250035 1
202003250040 1
202003250045 1
202003250050 1
202003250055 1
202003250100 1
202003250105 1
202003250110 1
202003250115 1
202003250120 1
202003250125 1
202003250130 1
202003250135 1
202003250140 1
202003250145 1
202003250150 1
202003250155 1
202003250200 1
202003250205 1
202003250210 1
202003250215 1
202003250220 1
202003250225 1
202003250230 1
202003250235 1
202003250240 1
202003250245 1
202003250250 1
202003250255 1
202003250300 1
202003250305 1
202003250310 1
202003250315 11
202003250320 1
202003250325 1
202003250330 1
202003250335 1
202003250340 1
202003250345 1
202003250350 1
202003250355 1
202003250400 1
202003250405 1
202003250410 1
202003250415 1
202003250420 1
202003250425 1
202003250430 1
202003250435 1
202003250440 1
202003250445 1
202003250450 1
202003250455 1
202003250500 1
202003250505 1
202003250510 1
202003250515 1
202003250520 1
202003250525 1
202003250530 1
202003250535 1
202003250540 1
202003250545 1
202003250550 1
202003250555 1
202003250600 1
202003250605 1
202003250610 1
202003250615 1
202003250620 1
202003250625 1
202003250630 1
202003250635 1
202003250640 1
202003250645 1
202003250650 1
202003250655 1
202003250700 1
202003250705 1
202003250710 1
202003250715 1
202003250720 1
202003250725 1
202003250730 1
202003250735 1
202003250740 1
202003250745 1
202003250750 1
202003250755 1
202003250800 1
202003250805 1
202003250810 1
202003250815 1
202003250820 1
202003250825 1
202003250830 1
202003250835 1
202003250840 1
202003250845 1
202003250850 1
202003250855 1
202003250900 1
202003250905 1
202003250910 1
202003250915 1
202003250920 1
202003250925 1
202003250930 1
202003250935 1
202003250940 6
202003250945 1
202003250950 1
202003250955 1
202003251000 1
202003251005 1
202003251010 1
202003251015 1
202003251020 1
202003251025 1
202003251030 1
202003251035 1
202003251040 1
202003251045 1
202003251050 1
202003251055 1
202003251100 1
202003251105 1
202003251110 1
202003251115 1
202003251120 1
202003251125 1
202003251130 1
202003251135 1
202003251140 1
202003251145 1
202003251150 1
202003251155 1
202003251200 1
202003251205 1
202003251210 1
202003251215 1
202003251220 1
202003251225 1
202003251230 1
202003251235 1
202003251240 1
202003251245 1
202003251250 1
202003251255 1
202003251300 1
202003251305 1
202003251310 1
202003251315 1
202003251320 1
202003251325 1
202003251330 1
202003251335 1
202003251340 1
202003251345 1
202003251350 1
202003251355 1
202003251400 1
202003251405 1
202003251410 1
202003251415 1
202003251420 1
202003251425 1
202003251430 1
202003251435 1
202003251440 1
202003251445 1
202003251450 1
202003251455 1
202003251500 1
202003251505 1
202003251510 1
202003251515 1
202003251520 1
202003251525 1
202003251530 1
202003251535 1
202003251540 1
202003251545 1
202003251550 1
202003251555 1
202003251600 1
202003251605 1
202003251610 1
202003251615 1
202003251620 1
202003251625 1
202003251630 1
202003251635 1
202003251640 1
202003251645 1
202003251650 1
202003251655 1
202003251700 1
202003251705 1
202003251710 1
202003251715 1
202003251720 1
202003251725 1
202003251730 1
202003251735 1
202003251740 1
202003251745 1
202003251750 1
202003251755 1
202003251800 1
202003251805 1
202003251810 1
202003251815 1
202003251820 1
202003251825 1
202003251830 1
202003251835 1
202003251840 1
202003251845 1
202003251850 1
202003251855 11
202003251900 1
202003251905 1
202003251910 1
202003251915 1
202003251920 1
202003251925 1
202003251930 1
202003251935 1
202003251940 1
202003251945 1
202003251950 1
202003251955 1
202003252000 1
202003252005 1
202003252010 1
202003252015 1
202003252020 1
202003252025 1
202003252030 1
202003252035 1
202003252040 1
202003252045 1
202003252050 1
202003252055 1
202003252100 1
202003252105 1
202003252110 1
202003252115 1
202003252120 1
202003252125 1
202003252130 1
202003252135 1
202003252140 1
202003252145 1
202003252150 1
202003252155 1
202003252200 1
202003252205 10
202003252210 1
202003252215 1
202003252220 1
202003252225 1
202003252230 1
202003252235 1
202003252240 1
202003252245 1
202003252250 1
202003252255 1
202003252300 1
202003252305 1
202003252310 1
202003252315 1
202003252320 1
202003252325 1
202003252330 1
202003252335 1
202003252340 1
202003252345 1
202003252350 1
202003252355 1
202003260000 1
202003260005 1
202003260010 1
202003260015 1
202003260020 1
202003260025 1
202003260030 1
202003260035 1
202003260040 1
202003260045 1
202003260050 1
202003260055 1
202003260100 1
202003260105 1
202003260110 1
202003260115 1
202003260120 1
202003260125 1
202003260130 1
202003260135 1
202003260140 1
202003260145 1
202003260150 1
202003260155 1
202003260200 1
202003260205 1
202003260210 1
202003260215 1
202003260220 1
202003260225 1
202003260230 2
202003260235 1
202003260240 1
202003260245 1
202003260250 1
202003260255 1
202003260300 1
202003260305 1
202003260310 1
202003260315 1
202003260320 1
202003260325 1
202003260330 1
202003260335 1
202003260340 1
202003260345 1
202003260350 1
202003260355 1
202003260400 1
202003260405 1
202003260410 1
202003260415 17
202003260420 1
202003260425 1
202003260430 1
202003260435 1
202003260440 1
202003260445 1
202003260450 1
202003260455 1
202003260500 1
202003260505 1
202003260510 1
202003260515 1
202003260520 1
202003260525 1
202003260530 1
202003260535 1
202003260540 1
202003260545 1
202003260550 1
202003260555 1
202003260600 1
202003260605 1
202003260610 1
202003260615 1
202003260620 1
202003260625 1
202003260630 1
202003260635 1
202003260640 1
202003260645 1
202003260650 1
202003260655 1
202003260700 1
202003260705 1
202003260710 1
202003260715 1
202003260720 1
202003260725 1
202003260730 1
202003260735 1
202003260740 1
202003260745 1
202003260750 1
202003260755 1
202003260800 1
202003260805 1
202003260810 1
202003260815 1
202003260820 1
202003260825 1
202003260830 1
202003260835 1
202003260840 1
202003260845 1
202003260850 1
202003260855 1
202003260900 1
202003260905 1
202003260910 1
202003260915 1
202003260920 1
202003260925 1
202003260930 1
202003260935 1
202003260940 1
202003260945 1
202003260950 1
202003260955 1
202003261000 1
202003261005 1
202003261010 1
202003261015 1
202003261020 1
202003261025 1
202003261030 1
202003261035 1
202003261040 1
202003261045 1
202003261050 1
202003261055 1
202003261100 1
202003261105 1
202003261110 1
202003261115 1
202003261120 1
202003261125 1
202003261130 1
202003261135 1
202003261140 1
202003261145 1
202003261150 1
202003261155 1
202003261200 1
202003261205 1
202003261210 1
202003261215 1
202003261220 1
202003261225 1
202003261230 1
202003261235 1
202003261240 1
202003261245 1
202003261250 1
202003261255 1
202003261300 1
202003261305 1
202003261310 1
202003261315 1
202003261320 1
202003261325 1
202003261330 1
202003261335 1
202003261340 1
202003261345 1
202003261350 1
202003261355 1
202003261400 1
202003261405 1
202003261410 1
202003261415 1
202003261420 1
202003261425 1
202003261430 1
202003261435 1
202003261440 4
202003261445 1
202003261450 1
202003261455 1
202003261500 1
202003261505 1
202003261510 1
202003261515 1
202003261520 1
202003261525 1
202003261530 1
202003261535 1
202003261540 1
202003261545 1
202003261550 1
202003261555 1
202003261600 1
202003261605 1
202003261610 1
202003261615 1
202003261620 1
202003261625 1
202003261630 1
202003261635 1
202003261640 1
202003261645 1
202003261650 1
202003261655 1
202003261700 1
202003261705 1
202003261710 1
202003261715 1
202003261720 1
202003261725 1
202003261730 1
202003261735 1
202003261740 1
202003261745 1
202003261750 1
202003261755 1
202003261800 1
202003261805 1
202003261810 1
202003261815 1
202003261820 1
202003261825 1
202003261830 1
202003261835 1
202003261840 1
202003261845 1
202003261850 1
202003261855 1
202003261900 1
202003261905 1
202003261910 1
202003261915 1
202003261920 1
202003261925 1
202003261930 1
202003261935 1
202003261940 1
202003261945 1
202003261950 1
202003261955 1
202003262000 1
202003262005 1
202003262010 1
202003262015 1
202003262020 1
202003262025 1
202003262030 1
202003262035 1
202003262040 1
202003262045 1
202003262050 1
202003262055 1
202003262100 1
202003262105 1
202003262110 1
202003262115 1
202003262120 1
202003262125 1
202003262130 1
202003262135 1
202003262140 1
202003262145 1
202003262150 1
202003262155 1
202003262200 1
202003262205 1
202003262210 1
202003262215 1
202003262220 1
202003262225 1
202003262230 1
202003262235 1
202003262240 1
202003262245 1
202003262250 1
202003262255 1
202003262300 1
202003262305 1
202003262310 1
202003262315 1
202003262320 1
202003262325 1
202003262330 1
202003262335 1
202003262340 1
202003262345 1
202003262350 1
202003262355 1
202003270000 1
202003270005 1
202003270010 1
202003270015 1
202003270020 1
202003270025 1
202003270030 1
202003270035 1
202003270040 1
202003270045 1
202003270050 1
202003270055 1
202003270100 1
202003270105 1
202003270110 1
202003270115 1
202003270120 1
202003270125 1
202003270130 1
202003270135 1
202003270140 1
202003270145 1
202003270150 1
202003270155 1
202003270200 1
202003270205 1
202003270210 1
202003270215 1
202003270220 1
202003270225 1
202003270230 2
202003270235 1
202003270240 1
202003270245 1
202003270250 1
202003270255 1
202003270300 1
202003270305 1
202003270310 1
202003270315 1
202003270320 1
202003270325 1
202003270330 1
202003270335 1
202003270340 1
202003270345 1
202003270350 1
202003270355 1
202003270400 1
202003270405 1
202003270410 1
202003270415 1
202003270420 1
202003270425 1
202003270430 1
202003270435 1
202003270440 1
202003270445 1
202003270450 1
202003270455 1
202003270500 1
202003270505 1
202003270510 1
202003270515 1
202003270520 1
202003270525 1
202003270530 1
202003270535 1
202003270540 1
202003270545 1
202003270550 1
202003270555 20
202003270600 1
202003270605 1
202003270610 1
202003270615 1
202003270620 1
202003270625 1
202003270630 1
202003270635 1
202003270640 1
202003270645 1
202003270650 1
202003270655 1
202003270700 1
202003270705 1
202003270710 1
202003270715 8
202003270720 1
202003270725 1
202003270730 1
202003270735 1
202003270740 1
202003270745 1
202003270750 1
202003270755 1
202003270800 1
202003270805 1
202003270810 1
202003270815 1
202003270820 1
202003270825 1
202003270830 1
202003270835 1
202003270840 1
202003270845 1
202003270850 1
202003270855 8
202003270900 6
202003270905 1
202003270910 1
202003270915 1
202003270920 1
202003270925 1
202003270930 1
202003270935 1
202003270940 1
202003270945 1
202003270950 1
202003270955 1
202003271000 1
202003271005 1
202003271010 1
202003271015 1
202003271020 1
202003271025 1
202003271030 1
202003271035 1
202003271040 1
202003271045 1
202003271050 1
202003271055 1
202003271100 1
202003271105 1
202003271110 1
202003271115 1
202003271120 1
202003271125 1
202003271130 1
202003271135 1
202003271140 1
202003271145 1
202003271150 1
202003271155 1
202003271200 1
202003271205 1
202003271210 1
202003271215 1
202003271220 1
202003271225 1
202003271230 1
202003271235 1
202003271240 1
202003271245 1
202003271250 1
202003271255 1
202003271300 1
202003271305 1
202003271310 1
202003271315 1
202003271320 1
202003271325 1
202003271330 1
202003271335 1
202003271340 1
202003271345 1
202003271350 1
202003271355 1
202003271400 1
202003271405 1
202003271410 1
202003271415 1
202003271420 1
202003271425 1
202003271430 1
202003271435 1
202003271440 1
202003271445 1
202003271450 1
202003271455 1
202003271500 1
202003271505 1
202003271510 1
202003271515 1
202003271520 1
202003271525 1
202003271530 1
202003271535 1
202003271540 1
202003271545 1
202003271550 1
202003271555 1
202003271600 1
202003271605 1
202003271610 1
202003271615 1
202003271620 1
202003271625 1
202003271630 1
202003271635 1
202003271640 1
202003271645 1
202003271650 1
202003271655 1
202003271700 1
202003271705 1
202003271710 1
202003271715 1
202003271720 1
202003271725 1
202003271730 1
202003271735 1
202003271740 1
202003271745 1
202003271750 1
202003271755 1
202003271800 1
202003271805 1
202003271810 1
202003271815 1
202003271820 1
202003271825 1
202003271830 1
202003271835 1
202003271840 1
202003271845 1
202003271850 1
202003271855 1
202003271900 1
202003271905 1
202003271910 1
202003271915 1
202003271920 1
202003271925 1
202003271930 1
202003271935 1
202003271940 1
202003271945 1
202003271950 1
202003271955 1
202003272000 1
202003272005 1
202003272010 1
202003272015 1
202003272020 1
202003272025 1
202003272030 1
202003272035 1
202003272040 13
202003272045 1
202003272050 1
202003272055 1
202003272100 1
202003272105 1
202003272110 1
202003272115 1
202003272120 1
202003272125 1
202003272130 1
202003272135 1
202003272140 1
202003272145 1
202003272150 1
202003272155 1
202003272200 1
202003272205 1
202003272210 1
202003272215 1
202003272220 1
202003272225 1
202003272230 1
202003272235 1
202003272240 8
202003272245 1
202003272250 1
202003272255 1
202003272300 1
202003272305 1
202003272310 1
202003272315 1
202003272320 1
202003272325 1
202003272330 1
202003272335 1
202003272340 1
202003272345 1
202003272350 1
202003272355 12
202003280000 1
202003280005 1
202003280010 1
202003280015 1
202003280020 1
202003280025 1
202003280030 1
202003280035 1
202003280040 1
202003280045 1
202003280050 1
202003280055 1
202003280100 7
202003280105 1
202003280110 1
202003280115 1
202003280120 1
202003280125 1
202003280130 1
202003280135 1
202003280140 1
202003280145 1
202003280150 1
202003280155 1
202003280200 1
202003280205 1
202003280210 1
202003280215 1
202003280220 1
202003280225 1
202003280230 2
202003280235 1
202003280240 1
202003280245 1
202003280250 1
202003280255 1
202003280300 1
202003280305 1
202003280310 1
202003280315 1
202003280320 1
202003280325 1
202003280330 1
202003280335 1
202003280340 1
202003280345 1
202003280350 1
202003280355 1
202003280400 1
202003280405 1
202003280410 1
202003280415 1
202003280420 1
202003280425 1
202003280430 1
202003280435 1
202003280440 1
202003280445 1
202003280450 1
202003280455 1
202003280500 1
202003280505 1
202003280510 1
202003280515 1
202003280520 1
202003280525 1
202003280530 1
202003280535 1
202003280540 1
202003280545 1
202003280550 1
202003280555 1
202003280600 1
202003280605 1
202003280610 1
202003280615 1
202003280620 1
202003280625 1
202003280630 1
202003280635 1
202003280640 1
202003280645 1
202003280650 1
202003280655 1
202003280700 1
202003280705 1
202003280710 1
202003280715 1
202003280720 1
202003280725 1
202003280730 1
202003280735 1
202003280740 1
202003280745 1
202003280750 1
202003280755 1
202003280800 7
202003280805 1
202003280810 1
202003280815 1
202003280820 1
202003280825 1
202003280830 1
202003280835 1
202003280840 1
202003280845 1
202003280850 1
202003280855 1
202003280900 1
202003280905 1
202003280910 1
202003280915 1
202003280920 1
202003280925 1
202003280930 1
202003280935 1
202003280940 1
202003280945 1
202003280950 1
202003280955 1
202003281000 1
202003281005 1
202003281010 1
202003281015 1
202003281020 1
202003281025 1
202003281030 1
202003281035 1
202003281040 1
202003281045 1
202003281050 1
202003281055 1
202003281100 1
202003281105 1
202003281110 1
202003281115 1
202003281120 1
202003281125 1
202003281130 1
202003281135 1
202003281140 1
202003281145 1
202003281150 1
202003281155 1
202003281200 1
202003281205 1
202003281210 28
202003281215 1
202003281220 1
202003281225 1
202003281230 1
202003281235 1
202003281240 1
202003281245 1
202003281250 1
202003281255 1
202003281300 1
202003281305 1
202003281310 1
202003281315 1
202003281320 1
202003281325 1
202003281330 4
202003281335 1
202003281340 1
202003281345 1
202003281350 1
202003281355 1
202003281400 1
202003281405 1
202003281410 1
202003281415 1
202003281420 1
202003281425 1
202003281430 1
202003281435 1
202003281440 1
202003281445 1
202003281450 1
202003281455 1
202003281500 1
202003281505 1
202003281510 1
202003281515 1
202003281520 1
202003281525 1
202003281530 1
202003281535 1
202003281540 1
202003281545 1
202003281550 1
202003281555 1
202003281600 1
202003281605 1
202003281610 1
202003281615 1
202003281620 1
202003281625 1
202003281630 1
202003281635 1
202003281640 1
202003281645 1
202003281650 1
202003281655 1
202003281700 1
202003281705 1
202003281710 1
202003281715 1
202003281720 1
202003281725 1
202003281730 1
202003281735 1
202003281740 1
202003281745 1
202003281750 1
202003281755 1
202003281800 1
202003281805 1
202003281810 1
202003281815 1
202003281820 1
202003281825 1
202003281830 1
202003281835 1
202003281840 1
202003281845 1
202003281850 1
202003281855 1
202003281900 1
202003281905 1
202003281910 1
202003281915 1
202003281920 1
202003281925 1
202003281930 1
202003281935 1
202003281940 1
202003281945 1
202003281950 1
202003281955 1
202003282000 1
202003282005 1
202003282010 1
202003282015 1
202003282020 1
202003282025 1
202003282030 1
202003282035 1
202003282040 1
202003282045 1
202003282050 1
202003282055 1
202003282100 1
202003282105 1
202003282110 1
202003282115 1
202003282120 1
202003282125 1
202003282130 1
202003282135 1
202003282140 1
202003282145 1
202003282150 1
202003282155 1
202003282200 1
202003282205 1
202003282210 13
202003282215 1
202003282220 1
202003282225 1
202003282230 1
202003282235 1
202003282240 1
202003282245 1
202003282250 1
202003282255 1
202003282300 1
202003282305 1
202003282310 1
202003282315 1
202003282320 1
202003282325 1
202003282330 1
202003282335 1
202003282340 1
202003282345 1
202003282350 1
202003282355 1
202003290000 1
202003290005 1
202003290010 1
202003290015 1
202003290020 7
202003290025 1
202003290030 1
202003290035 1
202003290040 1
202003290045 1
202003290050 1
202003290055 10
202003290100 1
202003290105 1
202003290110 1
202003290115 1
202003290120 1
202003290125 1
202003290130 1
202003290135 1
202003290140 1
202003290145 1
202003290150 1
202003290155 1
202003290200 1
202003290205 1
202003290210 1
202003290215 1
202003290220 1
202003290225 1
202003290230 1
202003290235 1
202003290240 1
202003290245 1
202003290250 1
202003290255 1
202003290300 1
202003290305 1
202003290310 1
202003290315 1
202003290320 1
202003290325 7
202003290330 1
202003290335 1
202003290340 1
202003290345 1
202003290350 12
202003290355 1
202003290400 12
202003290405 1
202003290410 1
202003290415 1
202003290420 1
202003290425 1
202003290430 1
202003290435 1
202003290440 1
202003290445 1
202003290450 1
202003290455 1
202003290500 1
202003290505 1
202003290510 1
202003290515 1
202003290520 1
202003290525 1
202003290530 1
202003290535 1
202003290540 1
202003290545 1
202003290550 1
202003290555 1
202003290600 8
202003290605 1
202003290610 1
202003290615 1
202003290620 1
202003290625 1
202003290630 1
202003290635 1
202003290640 1
202003290645 1
202003290650 1
202003290655 1
202003290700 1
202003290705 1
202003290710 1
202003290715 1
202003290720 1
202003290725 1
202003290730 1
202003290735 1
202003290740 1
202003290745 1
202003290750 1
202003290755 1
202003290800 1
202003290805 1
202003290810 1
202003290815 1
202003290820 1
202003290825 1
202003290830 1
202003290835 1
202003290840 1
202003290845 1
202003290850 1
202003290855 1
202003290900 1
202003290905 1
202003290910 1
202003290915 1
202003290920 1
202003290925 1
202003290930 1
202003290935 1
202003290940 1
202003290945 1
202003290950 1
202003290955 1
202003291000 1
202003291005 1
202003291010 1
202003291015 1
202003291020 1
202003291025 14
202003291030 1
202003291035 1
202003291040 1
202003291045 1
202003291050 1
202003291055 1
202003291100 1
202003291105 1
202003291110 1
202003291115 1
202003291120 1
202003291125 1
202003291130 1
202003291135 1
202003291140 1
202003291145 1
202003291150 1
202003291155 1
202003291200 1
202003291205 1
202003291210 1
202003291215 1
202003291220 1
202003291225 1
202003291230 1
202003291235 1
202003291240 1
202003291245 1
202003291250 1
202003291255 1
202003291300 1
202003291305 1
202003291310 1
202003291315 1
202003291320 1
202003291325 1
202003291330 1
202003291335 1
202003291340 1
202003291345 1
202003291350 1
202003291355 5
202003291400 1
202003291405 1
202003291410 1
202003291415 1
202003291420 1
202003291425 1
202003291430 1
202003291435 1
202003291440 1
202003291445 1
202003291450 1
202003291455 1
202003291500 1
202003291505 1
202003291510 1
202003291515 1
202003291520 1
202003291525 1
202003291530 1
202003291535 1
202003291540 1
202003291545 1
202003291550 1
202003291555 1
202003291600 1
202003291605 1
202003291610 1
202003291615 1
202003291620 1
202003291625 1
202003291630 1
202003291635 1
202003291640 1
202003291645 1
202003291650 1
202003291655 1
202003291700 1
202003291705 1
202003291710 1
202003291715 1
202003291720 1
202003291725 1
202003291730 1
202003291735 1
202003291740 1
202003291745 1
202003291750 1
202003291755 1
202003291800 1
202003291805 1
202003291810 1
202003291815 1
202003291820 1
202003291825 1
202003291830 1
202003291835 1
202003291840 1
202003291845 1
202003291850 1
202003291855 1
202003291900 1
202003291905 1
202003291910 1
202003291915 1
202003291920 1
202003291925 1
202003291930 1
202003291935 1
202003291940 1
202003291945 1
202003291950 1
202003291955 1
202003292000 1
202003292005 1
202003292010 1
202003292015 1
202003292020 1
202003292025 1
202003292030 1
202003292035 1
202003292040 1
202003292045 1
202003292050 1
202003292055 1
202003292100 1
202003292105 1
202003292110 1
202003292115 1
202003292120 1
202003292125 1
202003292130 1
202003292135 1
202003292140 1
202003292145 1
202003292150 1
202003292155 1
202003292200 1
202003292205 1
202003292210 1
202003292215 1
202003292220 1
202003292225 1
202003292230 1
202003292235 1
202003292240 1
202003292245 1
202003292250 1
202003292255 1
202003292300 10
202003292305 1
202003292310 1
202003292315 1
202003292320 1
202003292325 1
202003292330 1
202003292335 1
202003292340 1
202003292345 1
202003292350 1
202003292355 1
202003300000 1
202003300005 1
202003300010 1
202003300015 1
202003300020 1
202003300025 1
202003300030 1
202003300035 1
202003300040 1
202003300045 1
202003300050 1
202003300055 1
202003300100 1
202003300105 1
202003300110 1
202003300115 1
202003300120 1
202003300125 7
202003300130 1
202003300135 1
202003300140 1
202003300145 1
202003300150 1
202003300155 1
202003300200 1
202003300205 1
202003300210 1
202003300215 1
202003300220 1
202003300225 1
202003300230 1
202003300235 1
202003300242
202003300247
202003300250 1
202003300255 1
202003300300 1
202003300305 1
202003300310 1
202003300317
202003300322
202003300325 1
202003300330 1
202003300335 1
202003300342
202003300345 1
202003300350 1
202003300355 1
202003300400 1
202003300405 1
202003300410 1
202003300415 1
202003300420 1
202003300427
202003300432
202003300435 1
202003300440 1
202003300447
202003300452
202003300457
202003300500 1
202003300507
202003300510 1
202003300517
202003300520 1
202003300525 1
202003300530 1
202003300537
202003300540 1
202003300545 1
202003300550 1
202003300555 1
202003300600 1
202003300607
202003300610
202003300615 1
202003300620 1
202003300625 1
202003300630 1
202003300635 1
202003300640 1
202003300645 1
202003300650 1
202003300655 1
202003300700 1
202003300705 1
202003300710 1
202003300715 1
202003300720 1
202003300725 1
202003300730 1
202003300735 1
202003300740 1
202003300745 1
202003300750 1
202003300755 1
202003300800 1
202003300805 1
202003300810 1
202003300815 1
202003300820 1
202003300825 1
202003300830 1
202003300835 1
202003300840 1
202003300845 1
202003300850 1
202003300855 1
202003300900 1
202003300905 1
202003300910 1
202003300915 1
202003300920 1
202003300925 1
202003300930 1
202003300935 1
202003300940 1
202003300945 1
202003300950 1
202003300955 1
202003301000 1
202003301005 1
202003301010 1
202003301015 1
202003301020 1
202003301025 1
202003301030 1
202003301035 1
202003301040 1
202003301045 1
202003301050 1
202003301055 1
202003301100 1
202003301105 1
202003301110 1
202003301115 1
202003301120 1
202003301125 1
202003301130 1
202003301135 1
202003301140 1
202003301145 1
202003301150 1
202003301155 1
202003301200 1
202003301205 22
202003301210 1
202003301215 1
202003301220 1
202003301225 1
202003301230 1
202003301235 1
202003301240 1
202003301245 1
202003301250 1
202003301255 1
202003301300 1
202003301305 1
202003301310 1
202003301315 1
202003301320 1
202003301325 1
202003301330 1
202003301335 1
202003301340 1
202003301345 1
202003301350 1
202003301355 1
202003301400 1
202003301405 7
202003301410 1
202003301415 1
202003301420 1
202003301425 1
202003301430 1
202003301435 1
202003301440 1
202003301445 1
202003301450 1
202003301455 1
202003301500 1
202003301505 1
202003301510 1
202003301515 1
202003301520 1
202003301525 1
202003301530 1
202003301535 1
202003301540 1
202003301545 1
202003301550 1
202003301555 1
202003301600 1
202003301605 1
202003301610 1
202003301615 1
202003301620 1
202003301625 1
202003301630 1
202003301635 1
202003301640 1
202003301645 1
202003301650 1
202003301655 1
202003301700 1
202003301705 1
202003301710 1
202003301715 1
202003301720 1
202003301725 1
202003301730 1
202003301735 1
202003301740 1
202003301745 1
202003301750 5
202003301755 1
202003301800 1
202003301805 1
202003301810 1
202003301815 1
202003301820 1
202003301825 1
202003301830 1
202003301835 1
202003301840 1
202003301845 1
202003301850 1
202003301855 1
202003301900 1
202003301905 1
202003301910 1
202003301915 1
202003301920 1
202003301925 6
202003301930 1
202003301935 1
202003301940 1
202003301945 1
202003301950 1
202003301955 1
202003302000 1
202003302005 1
202003302010 1
202003302015 1
202003302020 1
202003302025 1
202003302030 1
202003302035 1
202003302040 1
202003302045 1
202003302050 1
202003302055 1
202003302100 11
202003302105 1
202003302110 1
202003302115 1
202003302120 1
202003302125 1
202003302130 1
202003302135 1
202003302140 1
202003302145 1
202003302150 1
202003302155 1
202003302200 1
202003302205 1
202003302210 1
202003302215 1
202003302220 1
202003302225 1
202003302230 1
202003302235 1
202003302240 1
202003302245 1
202003302250 1
202003302255 1
202003302300 1
202003302305 1
202003302310 1
202003302315 1
202003302320 1
202003302325 1
202003302330 1
202003302335 1
202003302340 1
202003302345 1
202003302350 1
202003302355 1
202003310000 1
202003310005 1
202003310010 1
202003310015 1
202003310020 1
202003310025 1
202003310030 1
202003310035 1
202003310040 1
202003310045 1
202003310050 1
202003310055 1
202003310100 1
202003310105 1
202003310110 1
202003310115 1
202003310120 1
202003310125 1
202003310130 1
202003310135 13
202003310140 1
202003310145 1
202003310150 1
202003310155 1
202003310200 1
202003310205 1
202003310210 10
202003310215 1
202003310220 1
202003310225 1
202003310230 1
202003310235 1
202003310240 1
202003310245 1
202003310250 1
202003310255 1
202003310300 1
202003310305 1
202003310310 1
202003310315 1
202003310320 1
202003310325 1
202003310330 1
202003310335 1
202003310340 1
202003310345 1
202003310350 1
202003310355 1
202003310400 1
202003310405 1
202003310410 1
202003310415 1
202003310420 1
202003310425 1
202003310430 1
202003310435 1
202003310440 1
202003310445 1
202003310450 1
202003310455 1
202003310500 1
202003310505 1
202003310510 1
202003310515 1
202003310520 1
202003310525 1
202003310530 1
202003310535 1
202003310540 1
202003310545 1
202003310550 1
202003310555 1
202003310600 1
202003310605 1
202003310610 1
202003310615 1
202003310620 1
202003310625 1
202003310630 1
202003310635 1
202003310640 1
202003310645 1
202003310650 1
202003310655 1
202003310735 1
202003310740 1
202003310745 1
202003310750 1
202003310755 1
202003310800 5
202003310805 1
202003310810 1
202003310815 1
202003310820 1
202003310825 1
202003310830 1
202003310835
202003310840
202003310845
202003310850
202003310855
202003310900 1
202003310905 1
202003310910 1
202003310915 1
202003310920 1
202003310925 1
202003310930 1
202003310935 1
202003310940 1
202003310945 1
202003310950 1
202003310955 1
202003311000 1
202003311005 1
202003311010 1
202003311015 1
202003311020 1
202003311025 1
202003311030 1
202003311035 1
202003311040 1
202003311045 1
202003311050 1
202003311055 1
202003311100 1
202003311105 1
202003311110 1
202003311115 1
202003311120 1
202003311125 1
202003311130 1
202003311135 1
202003311140 1
202003311145 1
202003311150 1
202003311155 1
202003311200 1
202003311205 1
202003311210 1
202003311215 1
202003311220 1
202003311225 1
202003311230 1
202003311235 1
202003311240 1
202003311245 1
202003311250 1
202003311255 1
202003311300 1
202003311305 1
202003311310 1
202003311315 1
202003311320 1
202003311325 1
202003311330 1
202003311335 1
202003311340 1
202003311345 1
202003311350 1
202003311355 1
202003311400 1
202003311405 1
202003311410 1
202003311415 1
202003311420 1
202003311425 1
202003311430 1
202003311435 1
202003311440 1
202003311445 1
202003311450 1
202003311455 1
202003311500 1
202003311505 1
202003311510 1
202003311515 1
202003311520 1
202003311525 1
202003311530 1
202003311535 1
202003311540 1
202003311545 1
202003311550 1
202003311555 1
202003311600 1
202003311605 1
202003311610 1
202003311615 1
202003311620 1
202003311625 1
202003311630 1
202003311635 1
202003311640 1
202003311645 1
202003311650 1
202003311655 1
202003311700 1
202003311705 1
202003311710 1
202003311715 1
202003311720 1
202003311725 1
202003311730 1
202003311735 1
202003311740 1
202003311745 1
202003311750 1
202003311755 1
202003311800 1
202003311805 1
202003311810 1
202003311815 1
202003311820 1
202003311825 1
202003311830 1
202003311835 1
202003311840 1
202003311845 1
202003311850 1
202003311855 1
202003311900 1
202003311905 1
202003311910 1
202003311915 1
202003311920 1
202003311925 1
202003311930 1
202003311935 1
202003311940 1
202003311945 1
202003311950 1
202003311955 1
202003312000 1
202003312005 1
202003312010 1
202003312015 1
202003312020 1
202003312025 1
202003312030 1
202003312035 1
202003312040 1
202003312045 1
202003312050 1
202003312055 1
202003312100 1
202003312105 1
202003312110 1
202003312115 1
202003312120 1
202003312125 1
202003312130 1
202003312135 1
202003312140 1
202003312145 1
202003312150 1
202003312155 1
202003312200 1
202003312205 1
202003312210 1
202003312215 1
202003312220 1
202003312225 1
202003312230 1
202003312235 1
202003312240 1
202003312245 1
202003312250 1
202003312255 1
202003312300 1
202003312305 1
202003312310 1
202003312315 1
202003312320 1
202003312325 1
202003312330 1
202003312335 1
202003312340 1
202003312345 1
202003312350 1
202003312355 1
202004010000 1
202004010005 1
202004010010 1
202004010015 1
202004010020 1
202004010025 1
202004010030 1
202004010035 1
202004010040 1
202004010045 1
202004010050 1
202004010055 1
202004010100 1
202004010105 1
202004010110 1
202004010115 1
202004010120 1
202004010125 1
202004010130 1
202004010135 1
202004010140 1
202004010145 1
202004010150 1
202004010155 1
202004010200 1
202004010205 1
202004010210 1
202004010215 1
202004010220 1
202004010225 1
202004010230 2
202004010235 1
202004010240 1
202004010245 1
202004010250 1
202004010255 1
202004010300 1
202004010305 1
202004010310 1
202004010315 1
202004010320 1
202004010325 1
202004010330 1
202004010335 1
202004010340 1
202004010345 1
202004010350 1
202004010355 1
202004010400 1
202004010405 1
202004010410 1
202004010415 1
202004010420 1
202004010425 1
202004010430 1
202004010435 1
202004010440 1
202004010445 1
202004010450 1
202004010455 1
202004010500 1
202004010505 1
202004010510 1
202004010515 1
202004010520 1
202004010525 1
202004010530 1
202004010535 1
202004010540 1
202004010545 1
202004010550 1
202004010555 1
202004010600 1
202004010605 1
202004010610 1
202004010615 1
202004010620 1
202004010625 1
202004010630 1
202004010635 1
202004010640 1
202004010645 1
202004010650 1
202004010655 1
202004010700 1
202004010705 1
202004010710 1
202004010715 1
202004010720 1
202004010725 1
202004010730 1
202004010735 1
202004010740 1
202004010745 1
202004010750 1
202004010755 1
202004010800 1
202004010805 1
202004010810 1
202004010815 1
202004010820 1
202004010825 1
202004010830 1
202004010835 1
202004010840 1
202004010845 1
202004010850 1
202004010855 1
202004010900 1
202004010905 1
202004010910 1
202004010915 1
202004010920 1
202004010925 1
202004010930 1
202004010935 1
202004010940 1
202004010945 1
202004010950 1
202004010955 1
202004011000 1
202004011005 1
202004011010 1
202004011015 1
202004011020 1
202004011025 1
202004011030 1
202004011035 1
202004011040 1
202004011045 1
202004011050 1
202004011055 1
202004011100 1
202004011105 1
202004011110 1
202004011115 1
202004011120 1
202004011125 1
202004011130 1
202004011135 1
202004011140 1
202004011145 1
202004011150 1
202004011155 1
202004011200 1
202004011205 1
202004011210 1
202004011215 1
202004011220 1
202004011225 1
202004011230 1
202004011235 1
202004011240 1
202004011245 1
202004011250 1
202004011255 1
202004011300 1
202004011305 1
202004011310 1
202004011315 1
202004011320 1
202004011325 1
202004011330 1
202004011335 1
202004011340 1
202004011345 1
202004011350 1
202004011355 1
202004011400 1
202004011405 1
202004011410 1
202004011415 1
202004011420 1
202004011425 1
202004011430 1
202004011435 1
202004011440 1
202004011445 1
202004011450 1
202004011455 1
202004011500 1
202004011505 1
202004011510 1
202004011515 1
202004011520 1
202004011525 1
202004011530 1
202004011535 1
202004011540 1
202004011545 1
202004011550 1
202004011555 1
202004011600 1
202004011605 1
202004011610 1
202004011615 1
202004011620 1
202004011625 1
202004011630 1
202004011635 1
202004011640 1
202004011645 1
202004011650 1
202004011655 1
202004011700 1
202004011705 1
202004011710 1
202004011715 1
202004011720 1
202004011725 1
202004011730 1
202004011735 1
202004011740 1
202004011745 1
202004011750 1
202004011755 1
202004011800 1
202004011805 1
202004011810 1
202004011815 1
202004011820 1
202004011825 1
202004011830 1
202004011835 1
202004011840 1
202004011845 1
202004011850 1
202004011855 1
202004011900 1
202004011905 1
202004011910 1
202004011915 1
202004011920 1
202004011925 1
202004011930 1
202004011935 1
202004011940 1
202004011945 1
202004011950 1
202004011955 1
202004012000 1
202004012005 1
202004012010 1
202004012015 1
202004012020 1
202004012025 1
202004012030 1
202004012035 1
202004012040 1
202004012045 1
202004012050 1
202004012055 1
202004012100 1
202004012105 1
202004012110 1
202004012115 1
202004012120 1
202004012125 1
202004012130 1
202004012135 1
202004012140 1
202004012145 1
202004012150 1
202004012155 1
202004012200 1
202004012205 1
202004012210 1
202004012215 1
202004012220 1
202004012225 1
202004012230 1
202004012235 1
202004012240 1
202004012245 1
202004012250 1
202004012255 1
202004012300 1
202004012305 1
202004012310 1
202004012315 1
202004012320 1
202004012325 1
202004012330 1
202004012335 1
202004012340 1
202004012345 1
202004012350 1
202004012355 1
202004020000 1
202004020005 1
202004020010 1
202004020015 1
202004020020 1
202004020025 1
202004020030 1
202004020035 1
202004020040 1
202004020045 1
202004020050 1
202004020055 1
202004020100 1
202004020105 1
202004020110 1
202004020115 1
202004020120 1
202004020125 1
202004020130 1
202004020135 1
202004020140 1
202004020145 1
202004020150 1
202004020155 1
202004020200 1
202004020205 1
202004020210 1
202004020215 1
202004020220 1
202004020225 1
202004020230 1
202004020235 1
202004020240 1
202004020245 1
202004020250 1
202004020255 1
202004020300 1
202004020305 1
202004020310 1
202004020315 1
202004020320 1
202004020325 1
202004020330 1
202004020335 1
202004020340 1
202004020345 1
202004020350 1
202004020355 1
202004020400 1
202004020405 1
202004020410 1
202004020415 1
202004020420 1
202004020425 1
202004020430 1
202004020435 1
202004020440 1
202004020445 1
202004020450 1
202004020455 1
202004020500 1
202004020505 1
202004020510 1
202004020515 1
202004020520 1
202004020525 1
202004020530 1
202004020535 1
202004020540 1
202004020545 1
202004020550 1
202004020555 1
202004020600 1
202004020605 1
202004020610 1
202004020615 1
202004020620 1
202004020625 1
202004020630 1
202004020635 1
202004020640 1
202004020645 1
202004020650 1
202004020655 1
202004020700 1
202004020705 1
202004020710 1
202004020715 1
202004020720 1
202004020725 1
202004020730 1
202004020735 1
202004020740 1
202004020745 1
202004020750 1
202004020755 1
202004020800 1
202004020805 1
202004020810 1
202004020815 1
202004020820 1
202004020825 1
202004020830 1
202004020835 1
202004020840 1
202004020845 1
202004020850 1
202004020855 1
202004020900 1
202004020905 1
202004020910 1
202004020915 1
202004020920 1
202004020925 1
202004020930 1
202004020935 1
202004020940 1
202004020945 1
202004020950 1
202004020955 1
202004021000 1
202004021005 1
202004021010 1
202004021015 1
202004021020 1
202004021025 1
202004021030 1
202004021035 1
202004021040 1
202004021045 1
202004021050 1
202004021055 1
202004021100 1
202004021105 1
202004021110 1
202004021115 1
202004021120 1
202004021125 1
202004021130 1
202004021135 1
202004021140 1
202004021145 1
202004021150 1
202004021155 1
202004021200 1
202004021205 1
202004021210 1
202004021215 1
202004021220 1
202004021225 1
202004021230 1
202004021235 1
202004021240 1
202004021245 1
202004021250 1
202004021255 1
202004021300 1
202004021305 1
202004021310 1
202004021315 1
202004021320 1
202004021325 1
202004021330 1
202004021335 1
202004021340 1
202004021345 1
202004021350 1
202004021355 1
202004021400 1
202004021405 1
202004021410 1
202004021415 1
202004021420 1
202004021425 1
202004021430 1
202004021435 1
202004021440 1
202004021445 1
202004021450 1
202004021455 1
202004021500 1
202004021505 1
202004021510 1
202004021515 1
202004021520 1
202004021525 1
202004021530 1
202004021535 1
202004021540 1
202004021545 1
202004021550 1
202004021555 1
202004021600 1
202004021605 1
202004021610 1
202004021615 1
202004021620 1
202004021625 1
202004021630 1
202004021635 1
202004021640 1
202004021645 1
202004021650 1
202004021655 1
202004021700 1
202004021705 1
202004021710 1
202004021715 1
202004021720 1
202004021725 1
202004021730 1
202004021735 1
202004021740 1
202004021745 1
202004021750 1
202004021755 1
202004021800 1
202004021805 1
202004021810 1
202004021815 1
202004021820 1
202004021825 1
202004021830 1
202004021835 1
202004021840 1
202004021845 1
202004021850 1
202004021855 1
202004021900 1
202004021905 1
202004021910 1
202004021915 1
202004021920 1
202004021925 1
202004021930 1
202004021935 1
202004021940 1
202004021945 1
202004021950 1
202004021955 1
202004022000 1
202004022005 1
202004022010 1
202004022015 1
202004022020 1
202004022025 1
202004022030 1
202004022035 1
202004022040 1
202004022045 1
202004022050 1
202004022055 1
202004022100 1
202004022105 1
202004022110 1
202004022115 1
202004022120 1
202004022125 1
202004022130 1
202004022135 1
202004022140 1
202004022145 1
202004022150 1
202004022155 1
202004022200 1
202004022205 1
202004022210 1
202004022215 1
202004022220 1
202004022225 1
202004022230 1
202004022235 1
202004022240 1
202004022245 1
202004022250 1
202004022255 1
202004022300 1
202004022305 1
202004022310 1
202004022315 1
202004022320 1
202004022325 1
202004022330 1
202004022335 1
202004022340 1
202004022345 1
202004022350 1
202004022355 1
202004030000 1
202004030005 1
202004030010 1
202004030015 1
202004030020 1
202004030025 1
202004030030 1
202004030035 1
202004030040 1
202004030045 1
202004030050 1
202004030055 1
202004030100 1
202004030105 1
202004030110 1
202004030115 1
202004030120 1
202004030125 1
202004030130 1
202004030135 1
202004030140 1
202004030145 1
202004030150 1
202004030155 1
202004030200 1
202004030205 1
202004030210 1
202004030215 1
202004030220 1
202004030225 1
202004030230 1
202004030235 1
202004030240 1
202004030245 1
202004030250 1
202004030255 1
202004030300 1
202004030305 1
202004030310 1
202004030315 1
202004030320 1
202004030325 1
202004030330 1
202004030335 1
202004030340 1
202004030345 1
202004030350 1
202004030355 1
202004030400 1
202004030405 1
202004030410 1
202004030415 1
202004030420 1
202004030425 1
202004030430 1
202004030435 1
202004030440 1
202004030445 1
202004030450 1
202004030455 1
202004030500 1
202004030505 1
202004030510 1
202004030515 1
202004030520 1
202004030525 1
202004030530 1
202004030535 1
202004030540 1
202004030545 1
202004030550 1
202004030555 1
202004030600 1
202004030605 1
202004030610 1
202004030615 1
202004030620 1
202004030625 1
202004030630 1
202004030635 1
202004030640 1
202004030645 1
202004030650 1
202004030655 1
202004030700 1
202004030705 1
202004030710 1
202004030715 1
202004030720 1
202004030725 1
202004030730 1
202004030735 1
202004030740 1
202004030745 1
202004030750 1
202004030755 1
202004030800 1
202004030805 1
202004030810 1
202004030815 1
202004030820 1
202004030825 1
202004030830 1
202004030835 1
202004030840 1
202004030845 1
202004030850 1
202004030855 1
202004030900 1
202004030905 1
202004030910 1
202004030915 1
202004030920 1
202004030925 1
202004030930 1
202004030935 1
202004030940 1
202004030945 1
202004030950 1
202004030955 1
202004031000 1
202004031005 1
202004031010 1
202004031015 1
202004031020 1
202004031025 1
202004031030 1
202004031035 1
202004031040 1
202004031045 1
202004031050 1
202004031055 1
202004031100 1
202004031105 1
202004031110 1
202004031115 1
202004031120 1
202004031125 1
202004031130 1
202004031135 1
202004031140 1
202004031145 1
202004031150 1
202004031155 1
202004031200 1
202004031205 1
202004031210 1
202004031215 1
202004031220 1
202004031225 1
202004031230 1
202004031235 1
202004031240 1
202004031245 1
202004031250 1
202004031255 1
202004031300 1
202004031305 1
202004031310 1
202004031315 1
202004031320 1
202004031325 1
202004031330 1
202004031335 1
202004031340 1
202004031345 1
202004031350 1
202004031355 1
202004031400 1
202004031405 1
202004031410 1
202004031415 1
202004031420 1
202004031425 1
202004031430 1
202004031435 1
202004031440 1
202004031445 1
202004031450 1
202004031455 1
202004031500 1
202004031505 1
202004031510 1
202004031515 1
202004031520 1
202004031525 1
202004031530 1
202004031535 1
202004031540 1
202004031545 1
202004031550 1
202004031555 1
202004031600 1
202004031605 1
202004031610 1
202004031615 1
202004031620 1
202004031625 1
202004031630 1
202004031635 1
202004031640 1
202004031645 1
202004031650 1
202004031655 1
202004031700 1
202004031705 1
202004031710 1
202004031715 1
202004031720 1
202004031725 1
202004031730 1
202004031735 1
202004031740 1
202004031745 1
202004031750 1
202004031755 1
202004031800 1
202004031805 1
202004031810 1
202004031815 1
202004031820 1
202004031825 1
202004031830 1
202004031835 1
202004031840 1
202004031845 1
202004031850 1
202004031855 1
202004031900 1
202004031905 1
202004031910 1
202004031915 1
202004031920 1
202004031925 1
202004031930 1
202004031935 1
202004031940 1
202004031945 1
202004031950 1
202004031955 1
202004032000 1
202004032005 1
202004032010 1
202004032015 1
202004032020 1
202004032025 1
202004032030 1
202004032035 1
202004032040 1
202004032045 1
202004032050 1
202004032055 1
202004032100 1
202004032105 1
202004032110 1
202004032115 1
202004032120 1
202004032125 1
202004032130 1
202004032135 1
202004032140 1
202004032145 1
202004032150 1
202004032155 1
202004032200 1
202004032205 1
202004032210 1
202004032215 1
202004032220 1
202004032225 1
202004032230 1
202004032235 1
202004032240 1
202004032245 1
202004032250 1
202004032255 1
202004032300 1
202004032305 1
202004032310 1
202004032315 1
202004032320 1
202004032325 1
202004032330 1
202004032335 1
202004032340 1
202004032345 1
202004032350 1
202004032355 1
202004040000 1
202004040005 1
202004040010 1
202004040015 1
202004040020 1
202004040025 1
202004040030 1
202004040035 1
202004040040 1
202004040045 1
202004040050 1
202004040055 1
202004040100 1
202004040105 1
202004040110 1
202004040115 1
202004040120 1
202004040125 1
202004040130 1
202004040135 1
202004040140 1
202004040145 1
202004040150 1
202004040155 1
202004040200 1
202004040205 1
202004040210 1
202004040215 1
202004040220 1
202004040225 1
202004040230 1
202004040235 1
202004040240 1
202004040245 1
202004040250 1
202004040255 1
202004040300 1
202004040305 1
202004040310 1
202004040315 1
202004040320 1
202004040325 1
202004040330 1
202004040335 1
202004040340 1
202004040345 1
202004040350 1
202004040355 1
202004040400 1
202004040405 1
202004040410 1
202004040415 1
202004040420 1
202004040425 1
202004040430 1
202004040435 1
202004040440 1
202004040445 1
202004040450 1
202004040455 1
202004040500 1
202004040505 1
202004040510 1
202004040515 1
202004040520 1
202004040525 1
202004040530 1
202004040535 1
202004040540 1
202004040545 1
202004040550 1
202004040555 1
202004040600 1
202004040605 1
202004040610 1
202004040615 1
202004040620 1
202004040625 1
202004040630 1
202004040635 1
202004040640 1
202004040645 1
202004040650 1
202004040655 1
202004040700 1
202004040705 1
202004040710 1
202004040715 1
202004040720 1
202004040725 1
202004040730 1
202004040735 1
202004040740 1
202004040745 1
202004040750 1
202004040755 1
202004040800 1
202004040805 1
202004040810 1
202004040815 1
202004040820 1
202004040825 1
202004040830 1
202004040835 1
202004040840 1
202004040845 1
202004040850 1
202004040855 1
202004040900 1
202004040905 1
202004040910 1
202004040915 1
202004040920 1
202004040925 1
202004040930 1
202004040935 1
202004040940 1
202004040945 1
202004040950 1
202004040955 1
202004041000 1
202004041005 1
202004041010 1
202004041015 1
202004041020 1
202004041025 1
202004041030 1
202004041035 1
202004041040 1
202004041045 1
202004041050 1
202004041055 1
202004041100 1
202004041105 1
202004041110 1
202004041115 1
202004041120 1
202004041125 1
202004041130 1
202004041135 1
202004041140 1
202004041145 1
202004041150 1
202004041155 1
202004041200 1
202004041205 1
202004041210 1
202004041215 1
202004041220 1
202004041225 1
202004041230 1
202004041235 1
202004041240 1
202004041245 1
202004041250 1
202004041255 1
202004041300 1
202004041305 1
202004041310 1
202004041315 1
202004041320 1
202004041325 1
202004041330 1
202004041335 1
202004041340 1
202004041345 1
202004041350 1
202004041355 1
202004041400 1
202004041405 1
202004041410 1
202004041415 1
202004041420 1
202004041425 1
202004041430 1
202004041435 1
202004041440 1
202004041445 1
202004041450 1
202004041455 1
202004041500 1
202004041505 1
202004041510 1
202004041515 1
202004041520 1
202004041525 1
202004041530 1
202004041535 1
202004041540 1
202004041545 1
202004041550 1
202004041555 1
202004041600 1
202004041605 1
202004041610 1
202004041615 1
202004041620 1
202004041625 1
202004041630 1
202004041635 1
202004041640 1
202004041645 1
202004041650 1
202004041655 1
202004041700 1
202004041705 1
202004041710 1
202004041715 1
202004041720 1
202004041725 1
202004041730 1
202004041735 1
202004041740 1
202004041745 1
202004041750 1
202004041755 1
202004041800 1
202004041805 1
202004041810 1
202004041815 1
202004041820 1
202004041825 1
202004041830 1
202004041835 1
202004041840 1
202004041845 1
202004041850 1
202004041855 1
202004041900 1
202004041905 1
202004041910 1
202004041915 1
202004041920 1
202004041925 1
202004041930 1
202004041935 1
202004041940 1
202004041945 1
202004041950 1
202004041955 1
202004042000 1
202004042005 1
202004042010 1
202004042015 1
202004042020 1
202004042025 1
202004042030 1
202004042035 1
202004042040 1
202004042045 1
202004042050 1
202004042055 1
202004042100 1
202004042105 1
202004042110 1
202004042115 1
202004042120 1
202004042125 1
202004042130 1
202004042135 1
202004042140 1
202004042145 1
202004042150 1
202004042155 1
202004042200 1
202004042205 1
202004042210 1
202004042215 1
202004042220 1
202004042225 1
202004042230 1
202004042235 1
202004042240 1
202004042245 1
202004042250 1
202004042255 1
202004042300 1
202004042305 1
202004042310 1
202004042315 1
202004042320 1
202004042325 1
202004042330 1
202004042335 1
202004042340 1
202004042345 1
202004042350 1
202004042355 1
202004050000 1
202004050005 1
202004050010 1
202004050015 1
202004050020 1
202004050025 1
202004050030 1
202004050035 1
202004050040 1
202004050045 1
202004050050 1
202004050055 1
202004050100 1
202004050105 1
202004050110 1
202004050115 1
202004050120 1
202004050125 1
202004050130 1
202004050135 1
202004050140 1
202004050145 1
202004050150 1
202004050155 1
202004050200 1
202004050205 1
202004050210 1
202004050215 1
202004050220 1
202004050225 1
202004050230 1
202004050235 1
202004050240 1
202004050245 1
202004050250 1
202004050255 1
202004050300 1
202004050305 1
202004050310 1
202004050315 1
202004050320 1
202004050325 1
202004050330 1
202004050335 1
202004050340 1
202004050345 1
202004050350 1
202004050355 1
202004050400 1
202004050405 1
202004050410 1
202004050415 1
202004050420 1
202004050425 1
202004050430 1
202004050435 1
202004050440 1
202004050445 1
202004050450 1
202004050455 1
202004050500 1
202004050505 1
202004050510 1
202004050515 1
202004050520 1
202004050525 1
202004050530 1
202004050535 1
202004050540 1
202004050545 1
202004050550 1
202004050555 1
202004050600 1
202004050605 1
202004050610 1
202004050615 1
202004050620 1
202004050625 1
202004050630 1
202004050635 1
202004050640 1
202004050645 1
202004050650 1
202004050655 1
202004050700 1
202004050705 1
202004050710 1
202004050715 1
202004050720 1
202004050725 1
202004050730 1
202004050735 1
202004050740 1
202004050745 1
202004050750 1
202004050755 1
202004050800 1
202004050805 1
202004050810 1
202004050815 1
202004050820 1
202004050825 1
202004050830 1
202004050835 1
202004050840 1
202004050845 1
202004050850 1
202004050855 1
202004050900 1
202004050905 1
202004050910 1
202004050915 1
202004050920 1
202004050925 1
202004050930 1
202004050935 1
202004050940 1
202004050945 1
202004050950 1
202004050955 1
202004051000 1
202004051005 1
202004051010 1
202004051015 1
202004051020 1
202004051025 1
202004051030 1
202004051035 1
202004051040 1
202004051045 1
202004051050 1
202004051055 1
202004051100 1
202004051105 1
202004051110 1
202004051115 1
202004051120 1
202004051125 1
202004051130 1
202004051135 1
202004051140 1
202004051145 1
202004051150 1
202004051155 1
202004051200 1
202004051205 1
202004051210 1
202004051215 1
202004051220 1
202004051225 1
202004051230 1
202004051235 1
202004051240 1
202004051245 1
202004051250 1
202004051255 1
202004051300 1
202004051305 1
202004051310 1
202004051315 1
202004051320 1
202004051325 1
202004051330 1
202004051335 1
202004051340 1
202004051345 1
202004051350 1
202004051355 1
202004051400 1
202004051405 1
202004051410 1
202004051415 1
202004051420 1
202004051425 1
202004051430 1
202004051435 1
202004051440 1
202004051445 1
202004051450 1
202004051455 1
202004051500 1
202004051505 1
202004051510 1
202004051515 1
202004051520 1
202004051525 1
202004051530 1
202004051535 1
202004051540 1
202004051545 1
202004051550 1
202004051555 1
202004051600 1
202004051605 1
202004051610 1
202004051615 1
202004051620 1
202004051625 1
202004051630 1
202004051635 1
202004051640 1
202004051645 1
202004051650 1
202004051655 1
202004051700 1
202004051705 1
202004051710 1
202004051715 1
202004051720 1
202004051725 1
202004051730 1
202004051735 1
202004051740 1
202004051745 1
202004051750 1
202004051755 1
202004051800 1
202004051805 1
202004051810 1
202004051815 1
202004051820 1
202004051825 1
202004051830 1
202004051835 1
202004051840 1
202004051845 1
202004051850 1
202004051855 1
202004051900 1
202004051905 1
202004051910 1
202004051915 1
202004051920 1
202004051925 1
202004051930 1
202004051935 1
202004051940 1
202004051945 1
202004051950 1
202004051955 1
202004052000 1
202004052005 1
202004052010 1
202004052015 1
202004052020 1
202004052025 1
202004052030 1
202004052035 1
202004052040 1
202004052045 1
202004052050 1
202004052055 1
202004052100 1
202004052105 1
202004052110 1
202004052115 1
202004052120 1
202004052125 1
202004052130 1
202004052135 1
202004052140 1
202004052145 1
202004052150 1
202004052155 1
202004052200 1
202004052205 1
202004052210 1
202004052215 1
202004052220 1
202004052225 1
202004052230 1
202004052235 1
202004052240 1
202004052245 1
202004052250 1
202004052255 1
202004052300 1
202004052305 1
202004052310 1
202004052315 1
202004052320 1
202004052325 1
202004052330 1
202004052335 1
202004052340 1
202004052345 1
202004052350 1
202004052355 1
202004060000 1
202004060005 1
202004060010 1
202004060015 1
202004060020 1
202004060025 1
202004060030 1
202004060035 1
202004060040 1
202004060045 1
202004060050 1
202004060055 1
202004060100 1
202004060105 1
202004060110 1
202004060115 1
202004060120 1
202004060125 1
202004060130 1
202004060135 1
202004060140 1
202004060145 1
202004060150 1
202004060155 1
202004060200 1
202004060205 1
202004060210 1
202004060215 1
202004060220 1
202004060225 1
202004060230 1
202004060235 1
202004060240 1
202004060245 1
202004060250 1
202004060255 1
202004060300 1
202004060305 1
202004060310 1
202004060315 1
202004060320 1
202004060325 1
202004060330 1
202004060335 1
202004060340 1
202004060345 1
202004060350 1
202004060355 1
202004060400 1
202004060405 1
202004060410 1
202004060415 1
202004060420 1
202004060425 1
202004060430 1
202004060435 1
202004060440 1
202004060445 1
202004060450 1
202004060455 1
202004060500 1
202004060505 1
202004060510 1
202004060515 1
202004060520 1
202004060525 1
202004060530 1
202004060535 1
202004060540 1
202004060545 1
202004060550 1
202004060555 1
202004060600 1
202004060605 1
202004060610 1
202004060615 1
202004060620 1
202004060625 1
202004060630 1
202004060635 1
202004060640 1
202004060645 1
202004060650 1
202004060655 1
202004060700 1
202004060705 1
202004060710 1
202004060715 1
202004060720 1
202004060725 1
202004060730 1
202004060735 1
202004060740 1
202004060745 1
202004060750 1
202004060755 1
202004060800 1
202004060805 1
202004060810 1
202004060815 1
202004060820 1
202004060825 1
202004060830 1
202004060835 1
202004060840 1
202004060845 1
202004060850 1
202004060855 1
202004060900 1
202004060905 1
202004060910 1
202004060915 1
202004060920 1
202004060925 1
202004060930 1
202004060935 1
202004060940 1
202004060945 1
202004060950 1
202004060955 1
202004061000 1
202004061005 1
202004061010 1
202004061015 1
202004061020 1
202004061025 1
202004061030 1
202004061035 1
202004061040 1
202004061045 1
202004061050 1
202004061055 1
202004061100 1
202004061105 1
202004061110 1
202004061115 1
202004061120 1
202004061125 1
202004061130 1
202004061135 1
202004061140 1
202004061145 1
202004061150 1
202004061155 1
202004061200 1
202004061205 1
202004061210 1
202004061215 1
202004061220 1
202004061225 1
202004061230 1
202004061235 1
202004061240 1
202004061245 1
202004061250 1
202004061255 1
202004061300 1
202004061305 1
202004061310 1
202004061315 1
202004061320 1
202004061325 1
202004061330 1
202004061335 1
202004061340 1
202004061345 1
202004061350 1
202004061355 1
202004061400 1
202004061405 1
202004061410 1
202004061415 1
202004061420 1
202004061425 1
202004061430 1
202004061435 1
202004061440 1
202004061445 1
202004061450 1
202004061455 1
202004061500 1
202004061505 1
202004061510 1
202004061515 1
202004061520 1
202004061525 1
202004061530 1
202004061535 1
202004061540 1
202004061545 1
202004061550 1
202004061555 1
202004061600 1
202004061605 1
202004061610 1
202004061615 1
202004061620 1
202004061625 1
202004061630 1
202004061635 1
202004061640 1
202004061645 1
202004061650 1
202004061655 1
202004061700 1
202004061705 1
202004061710 1
202004061715 1
202004061720 1
202004061725 1
202004061730 1
202004061735 1
202004061740 1
202004061745 1
202004061750 1
202004061755 1
202004061800 1
202004061805 1
202004061810 1
202004061815 1
202004061820 1
202004061825 1
202004061830 1
202004061835 1
202004061840 1
202004061845 1
202004061850 1
202004061855 1
202004061900 1
202004061905 1
202004061910 1
202004061915 1
202004061920 1
202004061925 1
202004061930 1
202004061935 1
202004061940 1
202004061945 1
202004061950 1
202004061955 1
202004062000 1
202004062005 1
202004062010 1
202004062015 1
202004062020 1
202004062025 1
202004062030 1
202004062035 1
202004062040 1
202004062045 1
202004062050 1
202004062055 1
202004062100 1
202004062105 1
202004062110 1
202004062115 1
202004062120 1
202004062125 1
202004062130 1
202004062135 1
202004062140 1
202004062145 1
202004062150 1
202004062155 1
202004062200 1
202004062205 1
202004062210 1
202004062215 1
202004062220 1
202004062225 1
202004062230 1
202004062235 1
202004062240 1
202004062245 1
202004062250 1
202004062255 1
202004062300 1
202004062305 1
202004062310 1
202004062315 1
202004062320 1
202004062325 1
202004062330 1
202004062335 1
202004062340 1
202004062345 1
202004062350 1
202004062355 1
202004070000 1
202004070005 1
202004070010 1
202004070015 1
202004070020 1
202004070025 1
202004070030 1
202004070035 1
202004070040 1
202004070045 1
202004070050 1
202004070055 1
202004070100 1
202004070105 1
202004070110 1
202004070115 1
202004070120 1
202004070125 1
202004070130 1
202004070135 1
202004070140 1
202004070145 1
202004070150 1
202004070155 1
202004070200 1
202004070205 1
202004070210 1
202004070215 1
202004070220 1
202004070225 1
202004070230 2
202004070235 1
202004070240 1
202004070245 1
202004070250 1
202004070255 1
202004070300 1
202004070305 1
202004070310 1
202004070315 1
202004070320 1
202004070325 1
202004070330 1
202004070335 1
202004070340 1
202004070345 1
202004070350 1
202004070355 1
202004070400 1
202004070405 1
202004070410 1
202004070415 1
202004070420 1
202004070425 1
202004070430 1
202004070435 1
202004070440 1
202004070445 1
202004070450 1
202004070455 1
202004070500 1
202004070505 1
202004070510 1
202004070515 1
202004070520 1
202004070525 1
202004070530 1
202004070535 1
202004070540 1
202004070545 1
202004070550 1
202004070555 1
202004070600 1
202004070605 1
202004070610 1
202004070615 1
202004070620 1
202004070625 1
202004070630 1
202004070635 1
202004070640 1
202004070645 1
202004070650 1
202004070655 1
202004070700 1
202004070705 1
202004070710 1
202004070715 1
202004070720 1
202004070725 1
202004070730 1
202004070735 1
202004070740 1
202004070745 1
202004070750 1
202004070755 1
202004070800 1
202004070805 1
202004070810 1
202004070815 1
202004070820 1
202004070825 1
202004070830 1
202004070835 1
202004070840 1
202004070845 1
202004070850 1
202004070855 1
202004070900 1
202004070905 1
202004070910 1
202004070915 1
202004070920 1
202004070925 1
202004070930 1
202004070935 1
202004070940 1
202004070945 1
202004070950 1
202004070955 1
202004071000 1
202004071005 1
202004071010 1
202004071015 1
202004071020 1
202004071025 1
202004071030 1
202004071035 1
202004071040 1
202004071045 1
202004071050 1
202004071055 1
202004071100 1
202004071105 1
202004071110 1
202004071115 1
202004071120 1
202004071125 1
202004071130 1
202004071135 1
202004071140 1
202004071145 1
202004071150 1
202004071155 1
202004071200 1
202004071205 1
202004071210 1
202004071215 1
202004071220 1
202004071225 1
202004071230 1
202004071235 1
202004071240 1
202004071245 1
202004071250 1
202004071255 1
202004071300 1
202004071305 1
202004071310 1
202004071315 1
202004071320 1
202004071325 1
202004071330 1
202004071335 1
202004071340 1
202004071345 1
202004071350 1
202004071355 1
202004071400 1
202004071405 1
202004071410 1
202004071415 1
202004071420 1
202004071425 1
202004071430 1
202004071435 1
202004071440 1
202004071445 1
202004071450 1
202004071455 1
202004071500 1
202004071505 1
202004071510 1
202004071515 1
202004071520 1
202004071525 1
202004071530 1
202004071535 1
202004071540 1
202004071545 1
202004071550 1
202004071555 1
202004071600 1
202004071605 1
202004071610 1
202004071615 1
202004071620 1
202004071625 1
202004071630 1
202004071635 1
202004071640 1
202004071645 1
202004071650 1
202004071655 1
202004071700 1
202004071705 1
202004071710 1
202004071715 1
202004071720 1
202004071725 1
202004071730 1
202004071735 1
202004071740 1
202004071745 1
202004071750 1
202004071755 1
202004071800 1
202004071805 1
202004071810 1
202004071815 1
202004071820 1
202004071825 1
202004071830 1
202004071835 1
202004071840 1
202004071845 1
202004071850 1
202004071855 1
202004071900 1
202004071905 1
202004071910 1
202004071915 1
202004071920 1
202004071925 1
202004071930 1
202004071935 1
202004071940 1
202004071945 1
202004071950 1
202004071955 1
202004072000 1
202004072005 1
202004072010 1
202004072015 1
202004072020 1
202004072025 1
202004072030 1
202004072035 1
202004072040 1
202004072045 1
202004072050 1
202004072055 1
202004072100 1
202004072105 1
202004072110 1
202004072115 1
202004072120 1
202004072125 1
202004072130 1
202004072135 1
202004072140 1
202004072145 1
202004072150 1
202004072155 1
202004072200 1
202004072205 1
202004072210 1
202004072215 1
202004072220 1
202004072225 1
202004072230 1
202004072235 1
202004072240 1
202004072245 1
202004072250 1
202004072255 1
202004072300 1
202004072305 1
202004072310 1
202004072315 1
202004072320 1
202004072325 1
202004072330 1
202004072335 1
202004072340 1
202004072345 1
202004072350 1
202004072355 1
202004080000 1
202004080005 1
202004080010 1
202004080015 1
202004080020 1
202004080025 1
202004080030 1
202004080035 1
202004080040 1
202004080045 1
202004080050 1
202004080055 1
202004080100 1
202004080105 1
202004080110 1
202004080115 1
202004080120 1
202004080125 1
202004080130 1
202004080135 1
202004080140 1
202004080145 1
202004080150 1
202004080155 1
202004080200 1
202004080205 1
202004080210 1
202004080215 1
202004080220 1
202004080225 1
202004080230 1
202004080235 1
202004080240 1
202004080245 1
202004080250 1
202004080255 1
202004080300 1
202004080305 1
202004080310 1
202004080315 1
202004080320 1
202004080325 1
202004080330 1
202004080335 1
202004080340 1
202004080345 1
202004080350 1
202004080355 1
202004080400 1
202004080405 1
202004080410 1
202004080415 1
202004080420 1
202004080425 1
202004080430 1
202004080435 1
202004080440 1
202004080445 1
202004080450 1
202004080455 1
202004080500 1
202004080505 1
202004080510 1
202004080515 1
202004080520 1
202004080525 1
202004080530 1
202004080535 1
202004080540 1
202004080545 1
202004080550 1
202004080555 1
202004080600 1
202004080605 1
202004080610 1
202004080615 1
202004080620 1
202004080625 1
202004080630 1
202004080635 1
202004080640 1
202004080645 1
202004080650 1
202004080655 1
202004080700 1
202004080705 1
202004080710 1
202004080715 1
202004080720 1
202004080725 1
202004080730 1
202004080735 1
202004080740 1
202004080745 1
202004080750 1
202004080755 1
202004080800 1
202004080805 1
202004080810 1
202004080815 1
202004080820 1
202004080825 1
202004080830 1
202004080835 1
202004080840 1
202004080845 1
202004080850 1
202004080855 1
202004080900 1
202004080905 1
202004080910 1
202004080915 1
202004080920 1
202004080925 1
202004080930 1
202004080935 1
202004080940 1
202004080945 1
202004080950 1
202004080955 1
202004081000 1
202004081005 1
202004081010 1
202004081015 1
202004081020 1
202004081025 1
202004081030 1
202004081035 1
202004081040 1
202004081045 1
202004081050 1
202004081055 1
202004081100 1
202004081105 1
202004081110 1
202004081115 1
202004081120 1
202004081125 1
202004081130 1
202004081135 1
202004081140 1
202004081145 1
202004081150 1
202004081155 1
202004081200 1
202004081205 1
202004081210 1
202004081215 1
202004081220 1
202004081225 1
202004081230 1
202004081235 1
202004081240 1
202004081245 1
202004081250 1
202004081255 1
202004081300 1
202004081305 1
202004081310 1
202004081315 1
202004081320 1
202004081325 1
202004081330 1
202004081335 1
202004081340 1
202004081345 1
202004081350 1
202004081355 1
202004081400 1
202004081405 1
202004081410 1
202004081415 1
202004081420 1
202004081425 1
202004081430 1
202004081435 1
202004081440 1
202004081445 1
202004081450 1
202004081455 1
202004081500 1
202004081505 1
202004081510 1
202004081515 1
202004081520 1
202004081525 1
202004081530 1
202004081535 1
202004081540 1
202004081545 1
202004081550 1
202004081555 1
202004081600 1
202004081605 1
202004081610 1
202004081615 1
202004081620 1
202004081625 1
202004081630 1
202004081635 1
202004081640 1
202004081645 1
202004081650 1
202004081655 1
202004081700 1
202004081705 1
202004081710 1
202004081715 1
202004081720 1
202004081725 1
202004081730 1
202004081735 1
202004081740 1
202004081745 1
202004081750 1
202004081755 1
202004081800 1
202004081805 1
202004081810 1
202004081815 1
202004081820 1
202004081825 1
202004081830 1
202004081835 1
202004081840 1
202004081845 1
202004081850 1
202004081855 1
202004081900 1
202004081905 1
202004081910 1
202004081915 1
202004081920 1
202004081925 1
202004081930 1
202004081935 1
202004081940 1
202004081945 1
202004081950 1
202004081955 1
202004082000 1
202004082005 1
202004082010 1
202004082015 1
202004082020 1
202004082025 1
202004082030 1
202004082035 1
202004082040 1
202004082045 1
202004082050 1
202004082055 1
202004082100 1
202004082105 1
202004082110 1
202004082115 1
202004082120 1
202004082125 1
202004082130 1
202004082135 1
202004082140 1
202004082145 1
202004082150 1
202004082155 1
202004082200 1
202004082205 1
202004082210 1
202004082215 1
202004082220 1
202004082225 1
202004082230 1
202004082235 1
202004082240 1
202004082245 1
202004082250 1
202004082255 1
202004082300 1
202004082305 1
202004082310 1
202004082315 1
202004082320 1
202004082325 1
202004082330 1
202004082335 1
202004082340 1
202004082345 1
202004082350 1
202004082355 1
202004090000 1
202004090005 1
202004090010 1
202004090015 1
202004090020 1
202004090025 1
202004090030 1
202004090035 1
202004090040 1
202004090045 1
202004090050 1
202004090055 1
202004090100 1
202004090105 1
202004090110 1
202004090115 1
202004090120 1
202004090125 1
202004090130 1
202004090135 1
202004090140 1
202004090145 1
202004090150 1
202004090155 1
202004090200 1
202004090205 1
202004090210 1
202004090215 1
202004090220 1
202004090225 1
202004090230 1
202004090235 1
202004090240 1
202004090245 1
202004090250 1
202004090255 1
202004090300 1
202004090305 1
202004090310 1
202004090315 1
202004090320 1
202004090325 1
202004090330 1
202004090335 1
202004090340 1
202004090345 1
202004090350 1
202004090355 1
202004090400 1
202004090405 1
202004090410 1
202004090415 1
202004090420 1
202004090425 1
202004090430 1
202004090435 1
202004090440 1
202004090445 1
202004090450 1
202004090455 1
202004090500 1
202004090505 1
202004090510 1
202004090515 1
202004090520 1
202004090525 1
202004090530 1
202004090535 1
202004090540 1
202004090545 1
202004090550 1
202004090555 1
202004090600 1
202004090605 1
202004090610 1
202004090615 1
202004090620 1
202004090625 1
202004090630 1
202004090635 1
202004090640 1
202004090645 1
202004090650 1
202004090655 1
202004090700 1
202004090705 1
202004090710 1
202004090715 1
202004090720 1
202004090725 1
202004090730 1
202004090735 1
202004090740 1
202004090745 1
202004090750 1
202004090755 1
202004090800 1
202004090805 1
202004090810 1
202004090815 1
202004090820 1
202004090825 1
202004090830 1
202004090835 1
202004090840 1
202004090845 1
202004090850 1
202004090855 1
202004090900 1
202004090905 1
202004090910 1
202004090915 1
202004090920 1
202004090925 1
202004090930 1
202004090935 1
202004090940 1
202004090945 1
202004090950 1
202004090955 1
202004091000 1
202004091005 1
202004091010 1
202004091015 1
202004091020 1
202004091025 1
202004091030 1
202004091035 1
202004091040 1
202004091045 1
202004091050 1
202004091055 1
202004091100 1
202004091105 1
202004091110 1
202004091115 1
202004091120 1
202004091125 1
202004091130 1
202004091135 1
202004091140 1
202004091145 1
202004091150 1
202004091155 1
202004091200 1
202004091205 1
202004091210 1
202004091215 1
202004091220 1
202004091225 1
202004091230 1
202004091235 1
202004091240 1
202004091245 1
202004091250 1
202004091255 1
202004091300 1
202004091305 1
202004091310 1
202004091315 1
202004091320 1
202004091325 1
202004091330 1
202004091335 1
202004091340 1
202004091345 1
202004091350 1
202004091355 1
202004091400 1
202004091405 1
202004091410 1
202004091415 1
202004091420 1
202004091425 1
202004091430 1
202004091435 1
202004091440 1
202004091445 1
202004091450 1
202004091455 1
202004091500 1
202004091505 1
202004091510 1
202004091515 1
202004091520 1
202004091525 1
202004091530 1
202004091535 1
202004091540 1
202004091545 1
202004091550 1
202004091555 1
202004091600 1
202004091605 1
202004091610 1
202004091615 1
202004091620 1
202004091625 1
202004091630 1
202004091635 1
202004091640 1
202004091645 1
202004091650 1
202004091655 1
202004091700 1
202004091705 1
202004091710 1
202004091715 1
202004091720 1
202004091725 1
202004091730 1
202004091735 1
202004091740 1
202004091745 1
202004091750 1
202004091755 1
202004091800 1
202004091805 1
202004091810 1
202004091815 1
202004091820 1
202004091825 1
202004091830 1
202004091835 1
202004091840 1
202004091845 1
202004091850 1
202004091855 1
202004091900 1
202004091905 1
202004091910 1
202004091915 1
202004091920 1
202004091925 1
202004091930 1
202004091935 1
202004091940 1
202004091945 1
202004091950 1
202004091955 1
202004092000 1
202004092005 1
202004092010 1
202004092015 1
202004092020 1
202004092025 1
202004092030 1
202004092035 1
202004092040 1
202004092045 1
202004092050 1
202004092055 1
202004092100 1
202004092105 1
202004092110 1
202004092115 1
202004092120 1
202004092125 1
202004092130 1
202004092135 1
202004092140 1
202004092145 1
202004092150 1
202004092155 1
202004092200 1
202004092205 1
202004092210 1
202004092215 1
202004092220 1
202004092225 1
202004092230 1
202004092235 1
202004092240 1
202004092245 1
202004092250 1
202004092255 1
202004092300 1
202004092305 1
202004092310 1
202004092315 1
202004092320 1
202004092325 1
202004092330 1
202004092335 1
202004092340 1
202004092345 1
202004092350 1
202004092355 1
202004100000 1
202004100005 1
202004100010 1
202004100015 1
202004100020 1
202004100025 1
202004100030 1
202004100035 1
202004100040 1
202004100045 1
202004100050 1
202004100055 1
202004100100 1
202004100105 1
202004100110 1
202004100115 1
202004100120 1
202004100125 1
202004100130 1
202004100135 1
202004100140 1
202004100145 1
202004100150 1
202004100155 1
202004100200 1
202004100205 1
202004100210 1
202004100215 1
202004100220 1
202004100225 1
202004100230 2
202004100235 1
202004100240 1
202004100245 1
202004100250 1
202004100255 1
202004100300 1
202004100305 1
202004100310 1
202004100315 1
202004100320 1
202004100325 1
202004100330 1
202004100335 1
202004100340 1
202004100345 1
202004100350 1
202004100355 1
202004100400 1
202004100405 1
202004100410 1
202004100415 1
202004100420 1
202004100425 1
202004100430 1
202004100435 1
202004100440 1
202004100445 1
202004100450 1
202004100455 1
202004100500 1
202004100505 1
202004100510 1
202004100515 1
202004100520 1
202004100525 1
202004100530 1
202004100535 1
202004100540 1
202004100545 1
202004100550 1
202004100555 1
202004100600 1
202004100605 1
202004100610 1
202004100615 1
202004100620 1
202004100625 1
202004100630 1
202004100635 1
202004100640 1
202004100645 1
202004100650 1
202004100655 1
202004100700 1
202004100705 1
202004100710 1
202004100715 1
202004100720 1
202004100725 1
202004100730 1
202004100735 1
202004100740 1
202004100745 1
202004100750 1
202004100755 1
202004100800 1
202004100805 1
202004100810 1
202004100815 1
202004100820 1
202004100825 1
202004100830 1
202004100835 1
202004100840 1
202004100845 1
202004100850 1
202004100855 1
202004100900 1
202004100905 1
202004100910 1
202004100915 1
202004100920 1
202004100925 1
202004100930 1
202004100935 1
202004100940 1
202004100945 1
202004100950 1
202004100955 1
202004101000 1
202004101005 1
202004101010 1
202004101015 1
202004101020 1
202004101025 1
202004101030 1
202004101035 1
202004101040 1
202004101045 1
202004101050 1
202004101055 1
202004101100 1
202004101105 1
202004101110 1
202004101115 1
202004101120 1
202004101125 1
202004101130 1
202004101135 1
202004101140 1
202004101145 1
202004101150 1
202004101155 1
202004101200 1
202004101205 1
202004101210 1
202004101215 1
202004101220 1
202004101225 1
202004101230 1
202004101235 1
202004101240 1
202004101245 1
202004101250 1
202004101255 1
202004101300 1
202004101305 1
202004101310 1
202004101315 1
202004101320 1
202004101325 1
202004101330 1
202004101335 1
202004101340 1
202004101345 1
202004101350 1
202004101355 1
202004101400 1
202004101405 1
202004101410 1
202004101415 1
202004101420 1
202004101425 1
202004101430 1
202004101435 1
202004101440 1
202004101445 1
202004101450 1
202004101455 1
202004101500 1
202004101505 1
202004101510 1
202004101515 1
202004101520 1
202004101525 1
202004101530 1
202004101535 1
202004101540 1
202004101545 1
202004101550 1
202004101555 1
202004101600 1
202004101605 1
202004101610 1
202004101615 1
202004101620 1
202004101625 1
202004101630 1
202004101635 1
202004101640 1
202004101645 1
202004101650 1
202004101655 1
202004101700 1
202004101705 1
202004101710 1
202004101715 1
202004101720 1
202004101725 1
202004101730 1
202004101735 1
202004101740 1
202004101745 1
202004101750 1
202004101755 1
202004101800 1
202004101805 1
202004101810 1
202004101815 1
202004101820 1
202004101825 1
202004101830 1
202004101835 1
202004101840 1
202004101845 1
202004101850 1
202004101855 1
202004101900 1
202004101905 1
202004101910 1
202004101915 1
202004101920 1
202004101925 1
202004101930 1
202004101935 1
202004101940 1
202004101945 1
202004101950 1
202004101955 1
202004102000 1
202004102005 1
202004102010 1
202004102015 1
202004102020 1
202004102025 1
202004102030 1
202004102035 1
202004102040 1
202004102045 1
202004102050 1
202004102055 1
202004102100 1
202004102105 1
202004102110 1
202004102115 1
202004102120 1
202004102125 1
202004102130 1
202004102135 1
202004102140 1
202004102145 1
202004102150 1
202004102155 1
202004102200 1
202004102205 1
202004102210 1
202004102215 1
202004102220 1
202004102225 1
202004102230 1
202004102235 1
202004102240 1
202004102245 1
202004102250 1
202004102255 1
202004102300 1
202004102305 1
202004102310 1
202004102315 1
202004102320 1
202004102325 1
202004102330 1
202004102335 1
202004102340 1
202004102345 1
202004102350 1
202004102355 1
202004110000 1
202004110005 1
202004110010 1
202004110015 1
202004110020 1
202004110025 1
202004110030 1
202004110035 1
202004110040 1
202004110045 1
202004110050 1
202004110055 1
202004110100 1
202004110105 1
202004110110 1
202004110115 1
202004110120 1
202004110125 1
202004110130 1
202004110135 1
202004110140 1
202004110145 1
202004110150 1
202004110155 1
202004110200 1
202004110205 1
202004110210 1
202004110215 1
202004110220 1
202004110225 1
202004110230 1
202004110235 1
202004110240 1
202004110245 1
202004110250 1
202004110255 1
202004110300 1
202004110305 1
202004110310 1
202004110315 1
202004110320 1
202004110325 1
202004110330 1
202004110335 1
202004110340 1
202004110345 1
202004110350 1
202004110355 1
202004110400 1
202004110405 1
202004110410 1
202004110415 1
202004110420 1
202004110425 1
202004110430 1
202004110435 1
202004110440 1
202004110445 1
202004110450 1
202004110455 1
202004110500 1
202004110505 1
202004110510 1
202004110515 1
202004110520 1
202004110525 1
202004110530 1
202004110535 1
202004110540 1
202004110545 1
202004110550 1
202004110555 1
202004110600 1
202004110605 1
202004110610 1
202004110615 1
202004110620 1
202004110625 1
202004110630 1
202004110635 1
202004110640 1
202004110645 1
202004110650 1
202004110655 1
202004110700 1
202004110705 1
202004110710 1
202004110715 1
202004110720 1
202004110725 1
202004110730 1
202004110735 1
202004110740 1
202004110745 1
202004110750 1
202004110755 1
202004110800 1
202004110805 1
202004110810 1
202004110815 1
202004110820 1
202004110825 1
202004110830 1
202004110835 1
202004110840 1
202004110845 1
202004110850 1
202004110855 1
202004110900 1
202004110905 1
202004110910 1
202004110915 1
202004110920 1
202004110925 1
202004110930 1
202004110935 1
202004110940 1
202004110945 1
202004110950 1
202004110955 1
202004111000 1
202004111005 1
202004111010 1
202004111015 1
202004111020 1
202004111025 1
202004111030 1
202004111035 1
202004111040 1
202004111045 1
202004111050 1
202004111055 1
202004111100 1
202004111105 1
202004111110 1
202004111115 1
202004111120 1
202004111125 1
202004111130 1
202004111135 1
202004111140 1
202004111145 1
202004111150 1
202004111155 1
202004111200 1
202004111205 1
202004111210 1
202004111215 1
202004111220 1
202004111225 1
202004111230 1
202004111235 1
202004111240 1
202004111245 1
202004111250 1
202004111255 1
202004111300 1
202004111305 1
202004111310 1
202004111315 1
202004111320 1
202004111325 1
202004111330 1
202004111335 1
202004111340 1
202004111345 1
202004111350 1
202004111355 1
202004111400 1
202004111405 1
202004111410 1
202004111415 1
202004111420 1
202004111425 1
202004111430 1
202004111435 1
202004111440 1
202004111445 1
202004111450 1
202004111455 1
202004111500 1
202004111505 1
202004111510 1
202004111515 1
202004111520 1
202004111525 1
202004111530 1
202004111535 1
202004111540 1
202004111545 1
202004111550 1
202004111555 1
202004111600 1
202004111605 1
202004111610 1
202004111615 1
202004111620 1
202004111625 1
202004111630 1
202004111635 1
202004111640 1
